{"C:\\Users\\saung\\Downloads\\smart-task-allocation\\FYP-26-S2-30\\lib\\assignBooking.js": {"path":"C:\\Users\\saung\\Downloads\\smart-task-allocation\\FYP-26-S2-30\\lib\\assignBooking.js","statementMap":{"0":{"start":{"line":34,"column":22},"end":{"line":34,"column":42}},"1":{"start":{"line":159,"column":22},"end":{"line":159,"column":41}},"2":{"start":{"line":7,"column":22},"end":{"line":7,"column":35}},"3":{"start":{"line":91,"column":22},"end":{"line":91,"column":45}},"4":{"start":{"line":1,"column":25},"end":{"line":1,"column":null}},"5":{"start":{"line":8,"column":43},"end":{"line":14,"column":null}},"6":{"start":{"line":16,"column":2},"end":{"line":18,"column":null}},"7":{"start":{"line":17,"column":4},"end":{"line":17,"column":null}},"8":{"start":{"line":20,"column":2},"end":{"line":29,"column":null}},"9":{"start":{"line":31,"column":2},"end":{"line":31,"column":null}},"10":{"start":{"line":35,"column":2},"end":{"line":35,"column":null}},"11":{"start":{"line":35,"column":14},"end":{"line":35,"column":null}},"12":{"start":{"line":36,"column":2},"end":{"line":36,"column":null}},"13":{"start":{"line":36,"column":37},"end":{"line":36,"column":null}},"14":{"start":{"line":37,"column":2},"end":{"line":37,"column":null}},"15":{"start":{"line":37,"column":24},"end":{"line":37,"column":null}},"16":{"start":{"line":38,"column":2},"end":{"line":38,"column":null}},"17":{"start":{"line":38,"column":46},"end":{"line":38,"column":null}},"18":{"start":{"line":40,"column":43},"end":{"line":51,"column":null}},"19":{"start":{"line":53,"column":2},"end":{"line":55,"column":null}},"20":{"start":{"line":54,"column":4},"end":{"line":54,"column":null}},"21":{"start":{"line":57,"column":2},"end":{"line":83,"column":null}},"22":{"start":{"line":85,"column":2},"end":{"line":85,"column":null}},"23":{"start":{"line":92,"column":2},"end":{"line":94,"column":null}},"24":{"start":{"line":93,"column":4},"end":{"line":93,"column":null}},"25":{"start":{"line":95,"column":2},"end":{"line":97,"column":null}},"26":{"start":{"line":96,"column":4},"end":{"line":96,"column":null}},"27":{"start":{"line":99,"column":42},"end":{"line":112,"column":null}},"28":{"start":{"line":114,"column":2},"end":{"line":116,"column":null}},"29":{"start":{"line":115,"column":4},"end":{"line":115,"column":null}},"30":{"start":{"line":118,"column":23},"end":{"line":118,"column":null}},"31":{"start":{"line":119,"column":22},"end":{"line":119,"column":24}},"32":{"start":{"line":121,"column":2},"end":{"line":125,"column":null}},"33":{"start":{"line":122,"column":4},"end":{"line":123,"column":null}},"34":{"start":{"line":126,"column":2},"end":{"line":130,"column":null}},"35":{"start":{"line":127,"column":4},"end":{"line":128,"column":null}},"36":{"start":{"line":131,"column":2},"end":{"line":139,"column":null}},"37":{"start":{"line":132,"column":4},"end":{"line":138,"column":null}},"38":{"start":{"line":140,"column":2},"end":{"line":146,"column":null}},"39":{"start":{"line":148,"column":2},"end":{"line":148,"column":null}},"40":{"start":{"line":150,"column":2},"end":{"line":154,"column":null}},"41":{"start":{"line":160,"column":2},"end":{"line":160,"column":null}},"42":{"start":{"line":160,"column":14},"end":{"line":160,"column":null}},"43":{"start":{"line":161,"column":2},"end":{"line":161,"column":null}},"44":{"start":{"line":161,"column":24},"end":{"line":161,"column":null}},"45":{"start":{"line":162,"column":2},"end":{"line":162,"column":null}},"46":{"start":{"line":162,"column":33},"end":{"line":162,"column":null}},"47":{"start":{"line":164,"column":42},"end":{"line":182,"column":null}},"48":{"start":{"line":184,"column":2},"end":{"line":186,"column":null}},"49":{"start":{"line":185,"column":4},"end":{"line":185,"column":null}},"50":{"start":{"line":188,"column":2},"end":{"line":201,"column":null}},"51":{"start":{"line":203,"column":2},"end":{"line":203,"column":null}}},"fnMap":{"0":{"name":"rejectBooking","decl":{"start":{"line":7,"column":22},"end":{"line":7,"column":35}},"loc":{"start":{"line":7,"column":89},"end":{"line":32,"column":null}}},"1":{"name":"assignStaffToBooking","decl":{"start":{"line":34,"column":22},"end":{"line":34,"column":42}},"loc":{"start":{"line":34,"column":118},"end":{"line":86,"column":null}}},"2":{"name":"updateBookingAssignment","decl":{"start":{"line":91,"column":22},"end":{"line":91,"column":45}},"loc":{"start":{"line":91,"column":124},"end":{"line":155,"column":null}}},"3":{"name":"createManualBooking","decl":{"start":{"line":159,"column":22},"end":{"line":159,"column":41}},"loc":{"start":{"line":159,"column":182},"end":{"line":204,"column":null}}}},"branchMap":{"0":{"loc":{"start":{"line":7,"column":62},"end":{"line":7,"column":87}},"type":"default-arg","locations":[{"start":{"line":7,"column":71},"end":{"line":7,"column":87}}]},"1":{"loc":{"start":{"line":16,"column":2},"end":{"line":18,"column":null}},"type":"if","locations":[{"start":{"line":16,"column":2},"end":{"line":18,"column":null}},{"start":{},"end":{}}]},"2":{"loc":{"start":{"line":16,"column":6},"end":{"line":16,"column":33}},"type":"binary-expr","locations":[{"start":{"line":16,"column":6},"end":{"line":16,"column":15}},{"start":{"line":16,"column":15},"end":{"line":16,"column":33}}]},"3":{"loc":{"start":{"line":17,"column":38},"end":{"line":17,"column":94}},"type":"binary-expr","locations":[{"start":{"line":17,"column":38},"end":{"line":17,"column":56}},{"start":{"line":17,"column":56},"end":{"line":17,"column":94}}]},"4":{"loc":{"start":{"line":21,"column":4},"end":{"line":27,"column":null}},"type":"cond-expr","locations":[{"start":{"line":22,"column":8},"end":{"line":26,"column":null}},{"start":{"line":27,"column":8},"end":{"line":27,"column":null}}]},"5":{"loc":{"start":{"line":34,"column":91},"end":{"line":34,"column":116}},"type":"default-arg","locations":[{"start":{"line":34,"column":100},"end":{"line":34,"column":116}}]},"6":{"loc":{"start":{"line":35,"column":2},"end":{"line":35,"column":null}},"type":"if","locations":[{"start":{"line":35,"column":2},"end":{"line":35,"column":null}},{"start":{},"end":{}}]},"7":{"loc":{"start":{"line":36,"column":2},"end":{"line":36,"column":null}},"type":"if","locations":[{"start":{"line":36,"column":2},"end":{"line":36,"column":null}},{"start":{},"end":{}}]},"8":{"loc":{"start":{"line":37,"column":2},"end":{"line":37,"column":null}},"type":"if","locations":[{"start":{"line":37,"column":2},"end":{"line":37,"column":null}},{"start":{},"end":{}}]},"9":{"loc":{"start":{"line":38,"column":2},"end":{"line":38,"column":null}},"type":"if","locations":[{"start":{"line":38,"column":2},"end":{"line":38,"column":null}},{"start":{},"end":{}}]},"10":{"loc":{"start":{"line":44,"column":14},"end":{"line":44,"column":72}},"type":"cond-expr","locations":[{"start":{"line":44,"column":45},"end":{"line":44,"column":58}},{"start":{"line":44,"column":58},"end":{"line":44,"column":72}}]},"11":{"loc":{"start":{"line":53,"column":2},"end":{"line":55,"column":null}},"type":"if","locations":[{"start":{"line":53,"column":2},"end":{"line":55,"column":null}},{"start":{},"end":{}}]},"12":{"loc":{"start":{"line":53,"column":6},"end":{"line":53,"column":33}},"type":"binary-expr","locations":[{"start":{"line":53,"column":6},"end":{"line":53,"column":15}},{"start":{"line":53,"column":15},"end":{"line":53,"column":33}}]},"13":{"loc":{"start":{"line":54,"column":38},"end":{"line":54,"column":91}},"type":"binary-expr","locations":[{"start":{"line":54,"column":38},"end":{"line":54,"column":56}},{"start":{"line":54,"column":56},"end":{"line":54,"column":91}}]},"14":{"loc":{"start":{"line":60,"column":41},"end":{"line":60,"column":61}},"type":"binary-expr","locations":[{"start":{"line":60,"column":41},"end":{"line":60,"column":52}},{"start":{"line":60,"column":56},"end":{"line":60,"column":61}}]},"15":{"loc":{"start":{"line":62,"column":4},"end":{"line":67,"column":null}},"type":"cond-expr","locations":[{"start":{"line":63,"column":8},"end":{"line":66,"column":null}},{"start":{"line":67,"column":8},"end":{"line":67,"column":null}}]},"16":{"loc":{"start":{"line":62,"column":4},"end":{"line":62,"column":null}},"type":"binary-expr","locations":[{"start":{"line":62,"column":4},"end":{"line":62,"column":21}},{"start":{"line":62,"column":21},"end":{"line":62,"column":null}}]},"17":{"loc":{"start":{"line":65,"column":55},"end":{"line":65,"column":83}},"type":"binary-expr","locations":[{"start":{"line":65,"column":55},"end":{"line":65,"column":74}},{"start":{"line":65,"column":78},"end":{"line":65,"column":83}}]},"18":{"loc":{"start":{"line":68,"column":4},"end":{"line":74,"column":null}},"type":"cond-expr","locations":[{"start":{"line":69,"column":8},"end":{"line":73,"column":null}},{"start":{"line":74,"column":8},"end":{"line":74,"column":null}}]},"19":{"loc":{"start":{"line":75,"column":4},"end":{"line":81,"column":null}},"type":"cond-expr","locations":[{"start":{"line":76,"column":8},"end":{"line":80,"column":null}},{"start":{"line":81,"column":8},"end":{"line":81,"column":null}}]},"20":{"loc":{"start":{"line":75,"column":4},"end":{"line":75,"column":63}},"type":"binary-expr","locations":[{"start":{"line":75,"column":4},"end":{"line":75,"column":36}},{"start":{"line":75,"column":36},"end":{"line":75,"column":63}}]},"21":{"loc":{"start":{"line":92,"column":2},"end":{"line":94,"column":null}},"type":"if","locations":[{"start":{"line":92,"column":2},"end":{"line":94,"column":null}},{"start":{},"end":{}}]},"22":{"loc":{"start":{"line":95,"column":2},"end":{"line":97,"column":null}},"type":"if","locations":[{"start":{"line":95,"column":2},"end":{"line":97,"column":null}},{"start":{},"end":{}}]},"23":{"loc":{"start":{"line":95,"column":6},"end":{"line":95,"column":31}},"type":"binary-expr","locations":[{"start":{"line":95,"column":6},"end":{"line":95,"column":15}},{"start":{"line":95,"column":15},"end":{"line":95,"column":31}}]},"24":{"loc":{"start":{"line":102,"column":25},"end":{"line":102,"column":null}},"type":"cond-expr","locations":[{"start":{"line":102,"column":33},"end":{"line":102,"column":41}},{"start":{"line":102,"column":44},"end":{"line":102,"column":null}}]},"25":{"loc":{"start":{"line":103,"column":14},"end":{"line":103,"column":null}},"type":"cond-expr","locations":[{"start":{"line":103,"column":23},"end":{"line":103,"column":81}},{"start":{"line":103,"column":85},"end":{"line":103,"column":null}}]},"26":{"loc":{"start":{"line":103,"column":23},"end":{"line":103,"column":81}},"type":"cond-expr","locations":[{"start":{"line":103,"column":54},"end":{"line":103,"column":67}},{"start":{"line":103,"column":67},"end":{"line":103,"column":81}}]},"27":{"loc":{"start":{"line":104,"column":22},"end":{"line":104,"column":null}},"type":"binary-expr","locations":[{"start":{"line":104,"column":22},"end":{"line":104,"column":39}},{"start":{"line":104,"column":39},"end":{"line":104,"column":null}}]},"28":{"loc":{"start":{"line":105,"column":22},"end":{"line":105,"column":null}},"type":"binary-expr","locations":[{"start":{"line":105,"column":22},"end":{"line":105,"column":39}},{"start":{"line":105,"column":39},"end":{"line":105,"column":null}}]},"29":{"loc":{"start":{"line":114,"column":2},"end":{"line":116,"column":null}},"type":"if","locations":[{"start":{"line":114,"column":2},"end":{"line":116,"column":null}},{"start":{},"end":{}}]},"30":{"loc":{"start":{"line":114,"column":6},"end":{"line":114,"column":32}},"type":"binary-expr","locations":[{"start":{"line":114,"column":6},"end":{"line":114,"column":15}},{"start":{"line":114,"column":15},"end":{"line":114,"column":32}}]},"31":{"loc":{"start":{"line":115,"column":38},"end":{"line":115,"column":93}},"type":"binary-expr","locations":[{"start":{"line":115,"column":38},"end":{"line":115,"column":56}},{"start":{"line":115,"column":56},"end":{"line":115,"column":93}}]},"32":{"loc":{"start":{"line":118,"column":24},"end":{"line":118,"column":40}},"type":"binary-expr","locations":[{"start":{"line":118,"column":24},"end":{"line":118,"column":37}},{"start":{"line":118,"column":37},"end":{"line":118,"column":40}}]},"33":{"loc":{"start":{"line":118,"column":48},"end":{"line":118,"column":72}},"type":"binary-expr","locations":[{"start":{"line":118,"column":48},"end":{"line":118,"column":69}},{"start":{"line":118,"column":69},"end":{"line":118,"column":72}}]},"34":{"loc":{"start":{"line":121,"column":2},"end":{"line":125,"column":null}},"type":"if","locations":[{"start":{"line":121,"column":2},"end":{"line":125,"column":null}},{"start":{},"end":{}}]},"35":{"loc":{"start":{"line":121,"column":6},"end":{"line":121,"column":29}},"type":"binary-expr","locations":[{"start":{"line":121,"column":6},"end":{"line":121,"column":22}},{"start":{"line":121,"column":22},"end":{"line":121,"column":29}}]},"36":{"loc":{"start":{"line":123,"column":72},"end":{"line":123,"column":92}},"type":"binary-expr","locations":[{"start":{"line":123,"column":72},"end":{"line":123,"column":83}},{"start":{"line":123,"column":87},"end":{"line":123,"column":92}}]},"37":{"loc":{"start":{"line":126,"column":2},"end":{"line":130,"column":null}},"type":"if","locations":[{"start":{"line":126,"column":2},"end":{"line":130,"column":null}},{"start":{},"end":{}}]},"38":{"loc":{"start":{"line":126,"column":6},"end":{"line":126,"column":37}},"type":"binary-expr","locations":[{"start":{"line":126,"column":6},"end":{"line":126,"column":22}},{"start":{"line":126,"column":22},"end":{"line":126,"column":37}}]},"39":{"loc":{"start":{"line":128,"column":84},"end":{"line":128,"column":112}},"type":"binary-expr","locations":[{"start":{"line":128,"column":84},"end":{"line":128,"column":103}},{"start":{"line":128,"column":107},"end":{"line":128,"column":112}}]},"40":{"loc":{"start":{"line":131,"column":2},"end":{"line":139,"column":null}},"type":"if","locations":[{"start":{"line":131,"column":2},"end":{"line":139,"column":null}},{"start":{},"end":{}}]},"41":{"loc":{"start":{"line":134,"column":13},"end":{"line":134,"column":null}},"type":"cond-expr","locations":[{"start":{"line":134,"column":28},"end":{"line":134,"column":55}},{"start":{"line":134,"column":55},"end":{"line":134,"column":null}}]},"42":{"loc":{"start":{"line":135,"column":15},"end":{"line":137,"column":96}},"type":"cond-expr","locations":[{"start":{"line":136,"column":10},"end":{"line":136,"column":104}},{"start":{"line":137,"column":10},"end":{"line":137,"column":96}}]},"43":{"loc":{"start":{"line":143,"column":13},"end":{"line":145,"column":51}},"type":"cond-expr","locations":[{"start":{"line":144,"column":8},"end":{"line":144,"column":105}},{"start":{"line":145,"column":8},"end":{"line":145,"column":51}}]},"44":{"loc":{"start":{"line":152,"column":13},"end":{"line":152,"column":129}},"type":"cond-expr","locations":[{"start":{"line":152,"column":21},"end":{"line":152,"column":82}},{"start":{"line":152,"column":85},"end":{"line":152,"column":129}}]},"45":{"loc":{"start":{"line":160,"column":2},"end":{"line":160,"column":null}},"type":"if","locations":[{"start":{"line":160,"column":2},"end":{"line":160,"column":null}},{"start":{},"end":{}}]},"46":{"loc":{"start":{"line":161,"column":2},"end":{"line":161,"column":null}},"type":"if","locations":[{"start":{"line":161,"column":2},"end":{"line":161,"column":null}},{"start":{},"end":{}}]},"47":{"loc":{"start":{"line":162,"column":2},"end":{"line":162,"column":null}},"type":"if","locations":[{"start":{"line":162,"column":2},"end":{"line":162,"column":null}},{"start":{},"end":{}}]},"48":{"loc":{"start":{"line":162,"column":6},"end":{"line":162,"column":33}},"type":"binary-expr","locations":[{"start":{"line":162,"column":6},"end":{"line":162,"column":22}},{"start":{"line":162,"column":22},"end":{"line":162,"column":33}}]},"49":{"loc":{"start":{"line":170,"column":16},"end":{"line":170,"column":null}},"type":"binary-expr","locations":[{"start":{"line":170,"column":16},"end":{"line":170,"column":28}},{"start":{"line":170,"column":28},"end":{"line":170,"column":null}}]},"50":{"loc":{"start":{"line":171,"column":17},"end":{"line":171,"column":null}},"type":"binary-expr","locations":[{"start":{"line":171,"column":17},"end":{"line":171,"column":30}},{"start":{"line":171,"column":30},"end":{"line":171,"column":null}}]},"51":{"loc":{"start":{"line":172,"column":19},"end":{"line":172,"column":null}},"type":"binary-expr","locations":[{"start":{"line":172,"column":19},"end":{"line":172,"column":34}},{"start":{"line":172,"column":34},"end":{"line":172,"column":null}}]},"52":{"loc":{"start":{"line":173,"column":23},"end":{"line":173,"column":null}},"type":"binary-expr","locations":[{"start":{"line":173,"column":23},"end":{"line":173,"column":41}},{"start":{"line":173,"column":41},"end":{"line":173,"column":null}}]},"53":{"loc":{"start":{"line":174,"column":22},"end":{"line":174,"column":null}},"type":"binary-expr","locations":[{"start":{"line":174,"column":22},"end":{"line":174,"column":39}},{"start":{"line":174,"column":39},"end":{"line":174,"column":null}}]},"54":{"loc":{"start":{"line":175,"column":22},"end":{"line":175,"column":null}},"type":"binary-expr","locations":[{"start":{"line":175,"column":22},"end":{"line":175,"column":39}},{"start":{"line":175,"column":39},"end":{"line":175,"column":null}}]},"55":{"loc":{"start":{"line":184,"column":2},"end":{"line":186,"column":null}},"type":"if","locations":[{"start":{"line":184,"column":2},"end":{"line":186,"column":null}},{"start":{},"end":{}}]},"56":{"loc":{"start":{"line":184,"column":6},"end":{"line":184,"column":32}},"type":"binary-expr","locations":[{"start":{"line":184,"column":6},"end":{"line":184,"column":15}},{"start":{"line":184,"column":15},"end":{"line":184,"column":32}}]},"57":{"loc":{"start":{"line":185,"column":38},"end":{"line":185,"column":90}},"type":"binary-expr","locations":[{"start":{"line":185,"column":38},"end":{"line":185,"column":56}},{"start":{"line":185,"column":56},"end":{"line":185,"column":90}}]},"58":{"loc":{"start":{"line":191,"column":41},"end":{"line":191,"column":61}},"type":"binary-expr","locations":[{"start":{"line":191,"column":41},"end":{"line":191,"column":52}},{"start":{"line":191,"column":56},"end":{"line":191,"column":61}}]},"59":{"loc":{"start":{"line":193,"column":4},"end":{"line":199,"column":null}},"type":"cond-expr","locations":[{"start":{"line":194,"column":8},"end":{"line":198,"column":null}},{"start":{"line":199,"column":8},"end":{"line":199,"column":null}}]}},"s":{"0":0,"1":0,"2":0,"3":0,"4":0,"5":0,"6":0,"7":0,"8":0,"9":0,"10":0,"11":0,"12":0,"13":0,"14":0,"15":0,"16":0,"17":0,"18":0,"19":0,"20":0,"21":0,"22":0,"23":0,"24":0,"25":0,"26":0,"27":0,"28":0,"29":0,"30":0,"31":0,"32":0,"33":0,"34":0,"35":0,"36":0,"37":0,"38":0,"39":0,"40":0,"41":0,"42":0,"43":0,"44":0,"45":0,"46":0,"47":0,"48":0,"49":0,"50":0,"51":0},"f":{"0":0,"1":0,"2":0,"3":0},"b":{"0":[0],"1":[0,0],"2":[0,0],"3":[0,0],"4":[0,0],"5":[0],"6":[0,0],"7":[0,0],"8":[0,0],"9":[0,0],"10":[0,0],"11":[0,0],"12":[0,0],"13":[0,0],"14":[0,0],"15":[0,0],"16":[0,0],"17":[0,0],"18":[0,0],"19":[0,0],"20":[0,0],"21":[0,0],"22":[0,0],"23":[0,0],"24":[0,0],"25":[0,0],"26":[0,0],"27":[0,0],"28":[0,0],"29":[0,0],"30":[0,0],"31":[0,0],"32":[0,0],"33":[0,0],"34":[0,0],"35":[0,0],"36":[0,0],"37":[0,0],"38":[0,0],"39":[0,0],"40":[0,0],"41":[0,0],"42":[0,0],"43":[0,0],"44":[0,0],"45":[0,0],"46":[0,0],"47":[0,0],"48":[0,0],"49":[0,0],"50":[0,0],"51":[0,0],"52":[0,0],"53":[0,0],"54":[0,0],"55":[0,0],"56":[0,0],"57":[0,0],"58":[0,0],"59":[0,0]}}
,"C:\\Users\\saung\\Downloads\\smart-task-allocation\\FYP-26-S2-30\\lib\\attendance.js": {"path":"C:\\Users\\saung\\Downloads\\smart-task-allocation\\FYP-26-S2-30\\lib\\attendance.js","statementMap":{"0":{"start":{"line":3,"column":13},"end":{"line":3,"column":38}},"1":{"start":{"line":32,"column":16},"end":{"line":32,"column":30}},"2":{"start":{"line":19,"column":16},"end":{"line":19,"column":35}},"3":{"start":{"line":11,"column":16},"end":{"line":11,"column":47}},"4":{"start":{"line":5,"column":16},"end":{"line":5,"column":36}},"5":{"start":{"line":26,"column":16},"end":{"line":26,"column":25}},"6":{"start":{"line":3,"column":41},"end":{"line":3,"column":null}},"7":{"start":{"line":6,"column":2},"end":{"line":6,"column":null}},"8":{"start":{"line":6,"column":22},"end":{"line":6,"column":null}},"9":{"start":{"line":7,"column":2},"end":{"line":7,"column":null}},"10":{"start":{"line":12,"column":2},"end":{"line":12,"column":null}},"11":{"start":{"line":12,"column":26},"end":{"line":12,"column":null}},"12":{"start":{"line":13,"column":20},"end":{"line":13,"column":null}},"13":{"start":{"line":14,"column":2},"end":{"line":14,"column":null}},"14":{"start":{"line":14,"column":41},"end":{"line":14,"column":null}},"15":{"start":{"line":15,"column":22},"end":{"line":15,"column":null}},"16":{"start":{"line":16,"column":2},"end":{"line":16,"column":null}},"17":{"start":{"line":20,"column":2},"end":{"line":20,"column":null}},"18":{"start":{"line":27,"column":12},"end":{"line":27,"column":null}},"19":{"start":{"line":28,"column":2},"end":{"line":28,"column":null}},"20":{"start":{"line":29,"column":2},"end":{"line":29,"column":null}},"21":{"start":{"line":33,"column":2},"end":{"line":33,"column":null}},"22":{"start":{"line":33,"column":38},"end":{"line":33,"column":null}},"23":{"start":{"line":34,"column":23},"end":{"line":34,"column":null}},"24":{"start":{"line":35,"column":12},"end":{"line":35,"column":null}},"25":{"start":{"line":36,"column":12},"end":{"line":36,"column":null}},"26":{"start":{"line":37,"column":2},"end":{"line":37,"column":null}}},"fnMap":{"0":{"name":"getScheduledDateTime","decl":{"start":{"line":5,"column":16},"end":{"line":5,"column":36}},"loc":{"start":{"line":5,"column":65},"end":{"line":8,"column":null}}},"1":{"name":"getAttendanceStatusFromDateTime","decl":{"start":{"line":11,"column":16},"end":{"line":11,"column":47}},"loc":{"start":{"line":11,"column":89},"end":{"line":17,"column":null}}},"2":{"name":"getAttendanceStatus","decl":{"start":{"line":19,"column":16},"end":{"line":19,"column":35}},"loc":{"start":{"line":19,"column":88},"end":{"line":21,"column":null}}},"3":{"name":"shiftDate","decl":{"start":{"line":26,"column":16},"end":{"line":26,"column":25}},"loc":{"start":{"line":26,"column":35},"end":{"line":30,"column":null}}},"4":{"name":"formatDuration","decl":{"start":{"line":32,"column":16},"end":{"line":32,"column":30}},"loc":{"start":{"line":32,"column":33},"end":{"line":38,"column":null}}}},"branchMap":{"0":{"loc":{"start":{"line":6,"column":2},"end":{"line":6,"column":null}},"type":"if","locations":[{"start":{"line":6,"column":2},"end":{"line":6,"column":null}},{"start":{},"end":{}}]},"1":{"loc":{"start":{"line":7,"column":38},"end":{"line":7,"column":63}},"type":"binary-expr","locations":[{"start":{"line":7,"column":38},"end":{"line":7,"column":55}},{"start":{"line":7,"column":55},"end":{"line":7,"column":63}}]},"2":{"loc":{"start":{"line":11,"column":67},"end":{"line":11,"column":89}},"type":"default-arg","locations":[{"start":{"line":11,"column":79},"end":{"line":11,"column":89}}]},"3":{"loc":{"start":{"line":12,"column":2},"end":{"line":12,"column":null}},"type":"if","locations":[{"start":{"line":12,"column":2},"end":{"line":12,"column":null}},{"start":{},"end":{}}]},"4":{"loc":{"start":{"line":13,"column":20},"end":{"line":13,"column":null}},"type":"cond-expr","locations":[{"start":{"line":13,"column":56},"end":{"line":13,"column":76}},{"start":{"line":13,"column":76},"end":{"line":13,"column":null}}]},"5":{"loc":{"start":{"line":14,"column":2},"end":{"line":14,"column":null}},"type":"if","locations":[{"start":{"line":14,"column":2},"end":{"line":14,"column":null}},{"start":{},"end":{}}]},"6":{"loc":{"start":{"line":16,"column":9},"end":{"line":16,"column":null}},"type":"cond-expr","locations":[{"start":{"line":16,"column":52},"end":{"line":16,"column":64}},{"start":{"line":16,"column":64},"end":{"line":16,"column":null}}]},"7":{"loc":{"start":{"line":19,"column":66},"end":{"line":19,"column":88}},"type":"default-arg","locations":[{"start":{"line":19,"column":78},"end":{"line":19,"column":88}}]},"8":{"loc":{"start":{"line":33,"column":2},"end":{"line":33,"column":null}},"type":"if","locations":[{"start":{"line":33,"column":2},"end":{"line":33,"column":null}},{"start":{},"end":{}}]},"9":{"loc":{"start":{"line":33,"column":6},"end":{"line":33,"column":38}},"type":"binary-expr","locations":[{"start":{"line":33,"column":6},"end":{"line":33,"column":30}},{"start":{"line":33,"column":30},"end":{"line":33,"column":38}}]},"10":{"loc":{"start":{"line":37,"column":9},"end":{"line":37,"column":40}},"type":"cond-expr","locations":[{"start":{"line":37,"column":17},"end":{"line":37,"column":30}},{"start":{"line":37,"column":33},"end":{"line":37,"column":40}}]}},"s":{"0":1,"1":4,"2":4,"3":0,"4":0,"5":2,"6":1,"7":4,"8":1,"9":3,"10":4,"11":1,"12":3,"13":3,"14":0,"15":3,"16":3,"17":4,"18":2,"19":2,"20":2,"21":4,"22":2,"23":2,"24":2,"25":2,"26":2},"f":{"0":4,"1":4,"2":4,"3":2,"4":4},"b":{"0":[1,3],"1":[3,0],"2":[0],"3":[1,3],"4":[3,0],"5":[0,3],"6":[2,1],"7":[0],"8":[2,2],"9":[4,3],"10":[1,1]}}
,"C:\\Users\\saung\\Downloads\\smart-task-allocation\\FYP-26-S2-30\\lib\\attendanceQr.js": {"path":"C:\\Users\\saung\\Downloads\\smart-task-allocation\\FYP-26-S2-30\\lib\\attendanceQr.js","statementMap":{"0":{"start":{"line":9,"column":16},"end":{"line":9,"column":27}},"1":{"start":{"line":5,"column":16},"end":{"line":5,"column":28}},"2":{"start":{"line":1,"column":19},"end":{"line":1,"column":null}},"3":{"start":{"line":6,"column":2},"end":{"line":6,"column":null}},"4":{"start":{"line":10,"column":2},"end":{"line":10,"column":null}}},"fnMap":{"0":{"name":"minuteBucket","decl":{"start":{"line":5,"column":16},"end":{"line":5,"column":28}},"loc":{"start":{"line":5,"column":39},"end":{"line":7,"column":null}}},"1":{"name":"deriveToken","decl":{"start":{"line":9,"column":16},"end":{"line":9,"column":27}},"loc":{"start":{"line":9,"column":42},"end":{"line":11,"column":null}}}},"branchMap":{"0":{"loc":{"start":{"line":5,"column":29},"end":{"line":5,"column":39}},"type":"default-arg","locations":[{"start":{"line":5,"column":38},"end":{"line":5,"column":39}}]}},"s":{"0":12,"1":4,"2":1,"3":4,"4":12},"f":{"0":4,"1":12},"b":{"0":[0]}}
,"C:\\Users\\saung\\Downloads\\smart-task-allocation\\FYP-26-S2-30\\lib\\bookingMessages.js": {"path":"C:\\Users\\saung\\Downloads\\smart-task-allocation\\FYP-26-S2-30\\lib\\bookingMessages.js","statementMap":{"0":{"start":{"line":5,"column":22},"end":{"line":5,"column":42}},"1":{"start":{"line":16,"column":22},"end":{"line":16,"column":40}},"2":{"start":{"line":29,"column":16},"end":{"line":29,"column":42}},"3":{"start":{"line":1,"column":23},"end":{"line":1,"column":null}},"4":{"start":{"line":6,"column":26},"end":{"line":10,"column":null}},"5":{"start":{"line":12,"column":2},"end":{"line":12,"column":null}},"6":{"start":{"line":12,"column":13},"end":{"line":12,"column":null}},"7":{"start":{"line":13,"column":2},"end":{"line":13,"column":null}},"8":{"start":{"line":17,"column":26},"end":{"line":21,"column":null}},"9":{"start":{"line":23,"column":2},"end":{"line":23,"column":null}},"10":{"start":{"line":23,"column":13},"end":{"line":23,"column":null}},"11":{"start":{"line":24,"column":2},"end":{"line":24,"column":null}},"12":{"start":{"line":30,"column":2},"end":{"line":37,"column":null}},"13":{"start":{"line":35,"column":19},"end":{"line":35,"column":null}}},"fnMap":{"0":{"name":"fetchBookingMessages","decl":{"start":{"line":5,"column":22},"end":{"line":5,"column":42}},"loc":{"start":{"line":5,"column":62},"end":{"line":14,"column":null}}},"1":{"name":"sendBookingMessage","decl":{"start":{"line":16,"column":22},"end":{"line":16,"column":40}},"loc":{"start":{"line":16,"column":83},"end":{"line":25,"column":null}}},"2":{"name":"subscribeToBookingMessages","decl":{"start":{"line":29,"column":16},"end":{"line":29,"column":42}},"loc":{"start":{"line":29,"column":72},"end":{"line":38,"column":null}}},"3":{"name":"(anonymous_7)","decl":{"start":{"line":35,"column":6},"end":{"line":35,"column":7}},"loc":{"start":{"line":35,"column":19},"end":{"line":35,"column":null}}}},"branchMap":{"0":{"loc":{"start":{"line":12,"column":2},"end":{"line":12,"column":null}},"type":"if","locations":[{"start":{"line":12,"column":2},"end":{"line":12,"column":null}},{"start":{},"end":{}}]},"1":{"loc":{"start":{"line":13,"column":9},"end":{"line":13,"column":19}},"type":"binary-expr","locations":[{"start":{"line":13,"column":9},"end":{"line":13,"column":17}},{"start":{"line":13,"column":17},"end":{"line":13,"column":19}}]},"2":{"loc":{"start":{"line":23,"column":2},"end":{"line":23,"column":null}},"type":"if","locations":[{"start":{"line":23,"column":2},"end":{"line":23,"column":null}},{"start":{},"end":{}}]}},"s":{"0":0,"1":0,"2":0,"3":0,"4":0,"5":0,"6":0,"7":0,"8":0,"9":0,"10":0,"11":0,"12":0,"13":0},"f":{"0":0,"1":0,"2":0,"3":0},"b":{"0":[0,0],"1":[0,0],"2":[0,0]}}
,"C:\\Users\\saung\\Downloads\\smart-task-allocation\\FYP-26-S2-30\\lib\\businessClosures.js": {"path":"C:\\Users\\saung\\Downloads\\smart-task-allocation\\FYP-26-S2-30\\lib\\businessClosures.js","statementMap":{"0":{"start":{"line":16,"column":22},"end":{"line":16,"column":41}},"1":{"start":{"line":4,"column":22},"end":{"line":4,"column":41}},"2":{"start":{"line":27,"column":16},"end":{"line":27,"column":28}},"3":{"start":{"line":1,"column":34},"end":{"line":1,"column":null}},"4":{"start":{"line":5,"column":2},"end":{"line":10,"column":null}},"5":{"start":{"line":17,"column":26},"end":{"line":21,"column":null}},"6":{"start":{"line":23,"column":2},"end":{"line":23,"column":null}},"7":{"start":{"line":23,"column":13},"end":{"line":23,"column":null}},"8":{"start":{"line":24,"column":2},"end":{"line":24,"column":null}},"9":{"start":{"line":28,"column":2},"end":{"line":28,"column":null}},"10":{"start":{"line":28,"column":38},"end":{"line":28,"column":86}}},"fnMap":{"0":{"name":"fetchClosuresServer","decl":{"start":{"line":4,"column":22},"end":{"line":4,"column":41}},"loc":{"start":{"line":4,"column":60},"end":{"line":11,"column":null}}},"1":{"name":"fetchClosuresClient","decl":{"start":{"line":16,"column":22},"end":{"line":16,"column":41}},"loc":{"start":{"line":16,"column":63},"end":{"line":25,"column":null}}},"2":{"name":"isDateClosed","decl":{"start":{"line":27,"column":16},"end":{"line":27,"column":28}},"loc":{"start":{"line":27,"column":46},"end":{"line":29,"column":null}}},"3":{"name":"(anonymous_7)","decl":{"start":{"line":28,"column":31},"end":{"line":28,"column":32}},"loc":{"start":{"line":28,"column":38},"end":{"line":28,"column":86}}}},"branchMap":{"0":{"loc":{"start":{"line":23,"column":2},"end":{"line":23,"column":null}},"type":"if","locations":[{"start":{"line":23,"column":2},"end":{"line":23,"column":null}},{"start":{},"end":{}}]},"1":{"loc":{"start":{"line":24,"column":9},"end":{"line":24,"column":19}},"type":"binary-expr","locations":[{"start":{"line":24,"column":9},"end":{"line":24,"column":17}},{"start":{"line":24,"column":17},"end":{"line":24,"column":19}}]},"2":{"loc":{"start":{"line":28,"column":9},"end":{"line":28,"column":null}},"type":"binary-expr","locations":[{"start":{"line":28,"column":9},"end":{"line":28,"column":91}},{"start":{"line":28,"column":91},"end":{"line":28,"column":null}}]},"3":{"loc":{"start":{"line":28,"column":10},"end":{"line":28,"column":24}},"type":"binary-expr","locations":[{"start":{"line":28,"column":10},"end":{"line":28,"column":22}},{"start":{"line":28,"column":22},"end":{"line":28,"column":24}}]},"4":{"loc":{"start":{"line":28,"column":38},"end":{"line":28,"column":86}},"type":"binary-expr","locations":[{"start":{"line":28,"column":38},"end":{"line":28,"column":61}},{"start":{"line":28,"column":65},"end":{"line":28,"column":86}}]}},"s":{"0":0,"1":0,"2":0,"3":1,"4":0,"5":0,"6":0,"7":0,"8":0,"9":0,"10":0},"f":{"0":0,"1":0,"2":0,"3":0},"b":{"0":[0,0],"1":[0,0],"2":[0,0],"3":[0,0],"4":[0,0]}}
,"C:\\Users\\saung\\Downloads\\smart-task-allocation\\FYP-26-S2-30\\lib\\businessWeek.js": {"path":"C:\\Users\\saung\\Downloads\\smart-task-allocation\\FYP-26-S2-30\\lib\\businessWeek.js","statementMap":{"0":{"start":{"line":26,"column":13},"end":{"line":26,"column":27}},"1":{"start":{"line":43,"column":16},"end":{"line":43,"column":34}},"2":{"start":{"line":65,"column":16},"end":{"line":65,"column":39}},"3":{"start":{"line":55,"column":16},"end":{"line":55,"column":36}},"4":{"start":{"line":4,"column":22},"end":{"line":4,"column":null}},"5":{"start":{"line":7,"column":2},"end":{"line":7,"column":null}},"6":{"start":{"line":11,"column":12},"end":{"line":11,"column":null}},"7":{"start":{"line":12,"column":2},"end":{"line":12,"column":null}},"8":{"start":{"line":13,"column":2},"end":{"line":13,"column":null}},"9":{"start":{"line":17,"column":14},"end":{"line":17,"column":34}},"10":{"start":{"line":18,"column":15},"end":{"line":18,"column":null}},"11":{"start":{"line":19,"column":2},"end":{"line":19,"column":null}},"12":{"start":{"line":23,"column":2},"end":{"line":23,"column":null}},"13":{"start":{"line":26,"column":30},"end":{"line":26,"column":null}},"14":{"start":{"line":31,"column":2},"end":{"line":31,"column":null}},"15":{"start":{"line":37,"column":19},"end":{"line":37,"column":null}},"16":{"start":{"line":38,"column":18},"end":{"line":38,"column":null}},"17":{"start":{"line":39,"column":2},"end":{"line":39,"column":null}},"18":{"start":{"line":40,"column":2},"end":{"line":40,"column":null}},"19":{"start":{"line":44,"column":14},"end":{"line":44,"column":null}},"20":{"start":{"line":45,"column":28},"end":{"line":45,"column":null}},"21":{"start":{"line":46,"column":25},"end":{"line":46,"column":null}},"22":{"start":{"line":47,"column":24},"end":{"line":47,"column":null}},"23":{"start":{"line":49,"column":20},"end":{"line":49,"column":null}},"24":{"start":{"line":50,"column":2},"end":{"line":50,"column":null}},"25":{"start":{"line":56,"column":14},"end":{"line":56,"column":null}},"26":{"start":{"line":57,"column":28},"end":{"line":57,"column":null}},"27":{"start":{"line":58,"column":24},"end":{"line":58,"column":null}},"28":{"start":{"line":59,"column":20},"end":{"line":61,"column":null}},"29":{"start":{"line":62,"column":2},"end":{"line":62,"column":null}},"30":{"start":{"line":66,"column":14},"end":{"line":66,"column":null}},"31":{"start":{"line":67,"column":28},"end":{"line":67,"column":null}},"32":{"start":{"line":68,"column":25},"end":{"line":68,"column":null}},"33":{"start":{"line":69,"column":18},"end":{"line":69,"column":null}},"34":{"start":{"line":70,"column":2},"end":{"line":70,"column":null}}},"fnMap":{"0":{"name":"toSgt","decl":{"start":{"line":6,"column":9},"end":{"line":6,"column":15}},"loc":{"start":{"line":6,"column":19},"end":{"line":8,"column":null}}},"1":{"name":"addDays","decl":{"start":{"line":10,"column":9},"end":{"line":10,"column":17}},"loc":{"start":{"line":10,"column":27},"end":{"line":14,"column":null}}},"2":{"name":"mondayOf","decl":{"start":{"line":16,"column":9},"end":{"line":16,"column":18}},"loc":{"start":{"line":16,"column":25},"end":{"line":20,"column":null}}},"3":{"name":"toIsoDate","decl":{"start":{"line":22,"column":9},"end":{"line":22,"column":19}},"loc":{"start":{"line":22,"column":23},"end":{"line":24,"column":null}}},"4":{"name":"daysAfterMonday","decl":{"start":{"line":30,"column":9},"end":{"line":30,"column":25}},"loc":{"start":{"line":30,"column":34},"end":{"line":32,"column":null}}},"5":{"name":"cutoffInstantThisWeek","decl":{"start":{"line":36,"column":9},"end":{"line":36,"column":31}},"loc":{"start":{"line":36,"column":56},"end":{"line":41,"column":null}}},"6":{"name":"getMinBookableDate","decl":{"start":{"line":43,"column":16},"end":{"line":43,"column":34}},"loc":{"start":{"line":43,"column":76},"end":{"line":51,"column":null}}},"7":{"name":"hasCutoffPassedToday","decl":{"start":{"line":55,"column":16},"end":{"line":55,"column":36}},"loc":{"start":{"line":55,"column":78},"end":{"line":63,"column":null}}},"8":{"name":"getUpcomingScheduleWeek","decl":{"start":{"line":65,"column":16},"end":{"line":65,"column":39}},"loc":{"start":{"line":65,"column":56},"end":{"line":71,"column":null}}}},"branchMap":{"0":{"loc":{"start":{"line":18,"column":15},"end":{"line":18,"column":null}},"type":"cond-expr","locations":[{"start":{"line":18,"column":27},"end":{"line":18,"column":32}},{"start":{"line":18,"column":32},"end":{"line":18,"column":null}}]},"1":{"loc":{"start":{"line":37,"column":20},"end":{"line":37,"column":68}},"type":"binary-expr","locations":[{"start":{"line":37,"column":20},"end":{"line":37,"column":38}},{"start":{"line":37,"column":42},"end":{"line":37,"column":68}}]},"2":{"loc":{"start":{"line":38,"column":61},"end":{"line":38,"column":123}},"type":"binary-expr","locations":[{"start":{"line":38,"column":61},"end":{"line":38,"column":86}},{"start":{"line":38,"column":90},"end":{"line":38,"column":123}}]},"3":{"loc":{"start":{"line":39,"column":26},"end":{"line":39,"column":35}},"type":"binary-expr","locations":[{"start":{"line":39,"column":26},"end":{"line":39,"column":32}},{"start":{"line":39,"column":32},"end":{"line":39,"column":35}}]},"4":{"loc":{"start":{"line":43,"column":35},"end":{"line":43,"column":51}},"type":"default-arg","locations":[{"start":{"line":43,"column":41},"end":{"line":43,"column":51}}]},"5":{"loc":{"start":{"line":43,"column":53},"end":{"line":43,"column":76}},"type":"default-arg","locations":[{"start":{"line":43,"column":62},"end":{"line":43,"column":76}}]},"6":{"loc":{"start":{"line":49,"column":20},"end":{"line":49,"column":null}},"type":"cond-expr","locations":[{"start":{"line":49,"column":42},"end":{"line":49,"column":59}},{"start":{"line":49,"column":59},"end":{"line":49,"column":null}}]},"7":{"loc":{"start":{"line":55,"column":37},"end":{"line":55,"column":53}},"type":"default-arg","locations":[{"start":{"line":55,"column":43},"end":{"line":55,"column":53}}]},"8":{"loc":{"start":{"line":55,"column":55},"end":{"line":55,"column":78}},"type":"default-arg","locations":[{"start":{"line":55,"column":64},"end":{"line":55,"column":78}}]},"9":{"loc":{"start":{"line":59,"column":20},"end":{"line":61,"column":null}},"type":"binary-expr","locations":[{"start":{"line":59,"column":20},"end":{"line":59,"column":null}},{"start":{"line":60,"column":7},"end":{"line":60,"column":null}},{"start":{"line":61,"column":7},"end":{"line":61,"column":null}}]},"10":{"loc":{"start":{"line":62,"column":9},"end":{"line":62,"column":null}},"type":"binary-expr","locations":[{"start":{"line":62,"column":9},"end":{"line":62,"column":22}},{"start":{"line":62,"column":22},"end":{"line":62,"column":null}}]},"11":{"loc":{"start":{"line":65,"column":40},"end":{"line":65,"column":56}},"type":"default-arg","locations":[{"start":{"line":65,"column":46},"end":{"line":65,"column":56}}]}},"s":{"0":3,"1":1,"2":0,"3":2,"4":1,"5":3,"6":8,"7":8,"8":8,"9":3,"10":3,"11":3,"12":1,"13":1,"14":3,"15":3,"16":3,"17":3,"18":3,"19":1,"20":1,"21":1,"22":1,"23":1,"24":1,"25":2,"26":2,"27":2,"28":2,"29":2,"30":0,"31":0,"32":0,"33":0,"34":0},"f":{"0":3,"1":8,"2":3,"3":1,"4":3,"5":3,"6":1,"7":2,"8":0},"b":{"0":[3,0],"1":[3,0],"2":[3,0],"3":[3,3],"4":[0],"5":[0],"6":[0,1],"7":[0],"8":[0],"9":[2,2,2],"10":[2,2],"11":[0]}}
,"C:\\Users\\saung\\Downloads\\smart-task-allocation\\FYP-26-S2-30\\lib\\companyDirectory.js": {"path":"C:\\Users\\saung\\Downloads\\smart-task-allocation\\FYP-26-S2-30\\lib\\companyDirectory.js","statementMap":{"0":{"start":{"line":5,"column":22},"end":{"line":5,"column":49}},"1":{"start":{"line":37,"column":22},"end":{"line":37,"column":40}},"2":{"start":{"line":87,"column":16},"end":{"line":87,"column":43}},"3":{"start":{"line":6,"column":56},"end":{"line":19,"column":null}},"4":{"start":{"line":21,"column":23},"end":{"line":21,"column":38}},"5":{"start":{"line":22,"column":24},"end":{"line":22,"column":42}},"6":{"start":{"line":23,"column":26},"end":{"line":23,"column":null}},"7":{"start":{"line":23,"column":52},"end":{"line":23,"column":null}},"8":{"start":{"line":24,"column":2},"end":{"line":24,"column":null}},"9":{"start":{"line":24,"column":23},"end":{"line":24,"column":null}},"10":{"start":{"line":26,"column":24},"end":{"line":26,"column":null}},"11":{"start":{"line":26,"column":57},"end":{"line":26,"column":74}},"12":{"start":{"line":27,"column":19},"end":{"line":27,"column":null}},"13":{"start":{"line":27,"column":50},"end":{"line":27,"column":null}},"14":{"start":{"line":30,"column":2},"end":{"line":30,"column":null}},"15":{"start":{"line":38,"column":18},"end":{"line":38,"column":null}},"16":{"start":{"line":39,"column":2},"end":{"line":39,"column":null}},"17":{"start":{"line":39,"column":26},"end":{"line":39,"column":null}},"18":{"start":{"line":41,"column":14},"end":{"line":44,"column":null}},"19":{"start":{"line":45,"column":2},"end":{"line":45,"column":null}},"20":{"start":{"line":45,"column":19},"end":{"line":45,"column":null}},"21":{"start":{"line":46,"column":19},"end":{"line":46,"column":null}},"22":{"start":{"line":48,"column":15},"end":{"line":48,"column":null}},"23":{"start":{"line":49,"column":17},"end":{"line":49,"column":null}},"24":{"start":{"line":50,"column":2},"end":{"line":61,"column":null}},"25":{"start":{"line":53,"column":25},"end":{"line":55,"column":59}},"26":{"start":{"line":56,"column":4},"end":{"line":60,"column":null}},"27":{"start":{"line":57,"column":6},"end":{"line":57,"column":null}},"28":{"start":{"line":57,"column":29},"end":{"line":57,"column":null}},"29":{"start":{"line":58,"column":6},"end":{"line":58,"column":null}},"30":{"start":{"line":59,"column":6},"end":{"line":59,"column":null}},"31":{"start":{"line":62,"column":2},"end":{"line":64,"column":null}},"32":{"start":{"line":63,"column":4},"end":{"line":63,"column":null}},"33":{"start":{"line":65,"column":2},"end":{"line":65,"column":null}},"34":{"start":{"line":72,"column":23},"end":{"line":72,"column":null}},"35":{"start":{"line":75,"column":2},"end":{"line":77,"column":null}},"36":{"start":{"line":76,"column":4},"end":{"line":76,"column":null}},"37":{"start":{"line":78,"column":26},"end":{"line":78,"column":null}},"38":{"start":{"line":79,"column":16},"end":{"line":79,"column":null}},"39":{"start":{"line":80,"column":17},"end":{"line":80,"column":145}},"40":{"start":{"line":81,"column":2},"end":{"line":81,"column":null}},"41":{"start":{"line":88,"column":2},"end":{"line":97,"column":null}},"42":{"start":{"line":90,"column":25},"end":{"line":90,"column":null}},"43":{"start":{"line":91,"column":32},"end":{"line":91,"column":null}},"44":{"start":{"line":92,"column":6},"end":{"line":92,"column":null}},"45":{"start":{"line":95,"column":6},"end":{"line":95,"column":null}},"46":{"start":{"line":95,"column":31},"end":{"line":95,"column":null}},"47":{"start":{"line":96,"column":6},"end":{"line":96,"column":null}}},"fnMap":{"0":{"name":"loadCompaniesForServiceType","decl":{"start":{"line":5,"column":22},"end":{"line":5,"column":49}},"loc":{"start":{"line":5,"column":71},"end":{"line":31,"column":null}}},"1":{"name":"(anonymous_5)","decl":{"start":{"line":23,"column":45},"end":{"line":23,"column":52}},"loc":{"start":{"line":23,"column":52},"end":{"line":23,"column":null}}},"2":{"name":"(anonymous_6)","decl":{"start":{"line":26,"column":50},"end":{"line":26,"column":57}},"loc":{"start":{"line":26,"column":57},"end":{"line":26,"column":74}}},"3":{"name":"(anonymous_7)","decl":{"start":{"line":27,"column":39},"end":{"line":27,"column":50}},"loc":{"start":{"line":27,"column":50},"end":{"line":27,"column":null}}},"4":{"name":"loadCompanyRatings","decl":{"start":{"line":37,"column":22},"end":{"line":37,"column":40}},"loc":{"start":{"line":37,"column":74},"end":{"line":66,"column":null}}},"5":{"name":"scoreCompany","decl":{"start":{"line":74,"column":9},"end":{"line":74,"column":22}},"loc":{"start":{"line":74,"column":32},"end":{"line":82,"column":null}}},"6":{"name":"rankCompaniesForServiceType","decl":{"start":{"line":87,"column":16},"end":{"line":87,"column":43}},"loc":{"start":{"line":87,"column":62},"end":{"line":98,"column":null}}},"7":{"name":"(anonymous_11)","decl":{"start":{"line":89,"column":9},"end":{"line":89,"column":null}},"loc":{"start":{"line":89,"column":9},"end":{"line":93,"column":null}}},"8":{"name":"(anonymous_12)","decl":{"start":{"line":94,"column":10},"end":{"line":94,"column":11}},"loc":{"start":{"line":94,"column":14},"end":{"line":97,"column":null}}}},"branchMap":{"0":{"loc":{"start":{"line":21,"column":23},"end":{"line":21,"column":38}},"type":"binary-expr","locations":[{"start":{"line":21,"column":23},"end":{"line":21,"column":36}},{"start":{"line":21,"column":36},"end":{"line":21,"column":38}}]},"1":{"loc":{"start":{"line":22,"column":24},"end":{"line":22,"column":42}},"type":"binary-expr","locations":[{"start":{"line":22,"column":24},"end":{"line":22,"column":40}},{"start":{"line":22,"column":40},"end":{"line":22,"column":42}}]},"2":{"loc":{"start":{"line":24,"column":2},"end":{"line":24,"column":null}},"type":"if","locations":[{"start":{"line":24,"column":2},"end":{"line":24,"column":null}},{"start":{},"end":{}}]},"3":{"loc":{"start":{"line":30,"column":9},"end":{"line":30,"column":null}},"type":"cond-expr","locations":[{"start":{"line":30,"column":31},"end":{"line":30,"column":42}},{"start":{"line":30,"column":42},"end":{"line":30,"column":null}}]},"4":{"loc":{"start":{"line":39,"column":2},"end":{"line":39,"column":null}},"type":"if","locations":[{"start":{"line":39,"column":2},"end":{"line":39,"column":null}},{"start":{},"end":{}}]},"5":{"loc":{"start":{"line":45,"column":2},"end":{"line":45,"column":null}},"type":"if","locations":[{"start":{"line":45,"column":2},"end":{"line":45,"column":null}},{"start":{},"end":{}}]},"6":{"loc":{"start":{"line":50,"column":20},"end":{"line":50,"column":30}},"type":"binary-expr","locations":[{"start":{"line":50,"column":20},"end":{"line":50,"column":28}},{"start":{"line":50,"column":28},"end":{"line":50,"column":30}}]},"7":{"loc":{"start":{"line":53,"column":25},"end":{"line":55,"column":59}},"type":"cond-expr","locations":[{"start":{"line":54,"column":8},"end":{"line":54,"column":28}},{"start":{"line":55,"column":9},"end":{"line":55,"column":59}}]},"8":{"loc":{"start":{"line":55,"column":9},"end":{"line":55,"column":59}},"type":"cond-expr","locations":[{"start":{"line":55,"column":32},"end":{"line":55,"column":57}},{"start":{"line":55,"column":57},"end":{"line":55,"column":59}}]},"9":{"loc":{"start":{"line":57,"column":6},"end":{"line":57,"column":null}},"type":"if","locations":[{"start":{"line":57,"column":6},"end":{"line":57,"column":null}},{"start":{},"end":{}}]},"10":{"loc":{"start":{"line":58,"column":35},"end":{"line":58,"column":71}},"type":"binary-expr","locations":[{"start":{"line":58,"column":35},"end":{"line":58,"column":66}},{"start":{"line":58,"column":66},"end":{"line":58,"column":71}}]},"11":{"loc":{"start":{"line":59,"column":37},"end":{"line":59,"column":75}},"type":"binary-expr","locations":[{"start":{"line":59,"column":37},"end":{"line":59,"column":70}},{"start":{"line":59,"column":70},"end":{"line":59,"column":75}}]},"12":{"loc":{"start":{"line":75,"column":2},"end":{"line":77,"column":null}},"type":"if","locations":[{"start":{"line":75,"column":2},"end":{"line":77,"column":null}},{"start":{},"end":{}}]},"13":{"loc":{"start":{"line":75,"column":6},"end":{"line":75,"column":45}},"type":"binary-expr","locations":[{"start":{"line":75,"column":6},"end":{"line":75,"column":21}},{"start":{"line":75,"column":21},"end":{"line":75,"column":45}}]},"14":{"loc":{"start":{"line":80,"column":93},"end":{"line":80,"column":127}},"type":"cond-expr","locations":[{"start":{"line":80,"column":118},"end":{"line":80,"column":123}},{"start":{"line":80,"column":123},"end":{"line":80,"column":127}}]},"15":{"loc":{"start":{"line":90,"column":25},"end":{"line":90,"column":null}},"type":"binary-expr","locations":[{"start":{"line":90,"column":25},"end":{"line":90,"column":52}},{"start":{"line":90,"column":52},"end":{"line":90,"column":null}}]},"16":{"loc":{"start":{"line":95,"column":6},"end":{"line":95,"column":null}},"type":"if","locations":[{"start":{"line":95,"column":6},"end":{"line":95,"column":null}},{"start":{},"end":{}}]},"17":{"loc":{"start":{"line":96,"column":14},"end":{"line":96,"column":34}},"type":"binary-expr","locations":[{"start":{"line":96,"column":14},"end":{"line":96,"column":29}},{"start":{"line":96,"column":33},"end":{"line":96,"column":34}}]},"18":{"loc":{"start":{"line":96,"column":51},"end":{"line":96,"column":null}},"type":"binary-expr","locations":[{"start":{"line":96,"column":51},"end":{"line":96,"column":66}},{"start":{"line":96,"column":70},"end":{"line":96,"column":null}}]}},"s":{"0":0,"1":0,"2":0,"3":0,"4":0,"5":0,"6":0,"7":0,"8":0,"9":0,"10":0,"11":0,"12":0,"13":0,"14":0,"15":0,"16":0,"17":0,"18":0,"19":0,"20":0,"21":0,"22":0,"23":0,"24":0,"25":0,"26":0,"27":0,"28":0,"29":0,"30":0,"31":0,"32":0,"33":0,"34":0,"35":0,"36":0,"37":0,"38":0,"39":0,"40":0,"41":0,"42":0,"43":0,"44":0,"45":0,"46":0,"47":0},"f":{"0":0,"1":0,"2":0,"3":0,"4":0,"5":0,"6":0,"7":0,"8":0},"b":{"0":[0,0],"1":[0,0],"2":[0,0],"3":[0,0],"4":[0,0],"5":[0,0],"6":[0,0],"7":[0,0],"8":[0,0],"9":[0,0],"10":[0,0],"11":[0,0],"12":[0,0],"13":[0,0],"14":[0,0],"15":[0,0],"16":[0,0],"17":[0,0],"18":[0,0]}}
,"C:\\Users\\saung\\Downloads\\smart-task-allocation\\FYP-26-S2-30\\lib\\emailValidation.js": {"path":"C:\\Users\\saung\\Downloads\\smart-task-allocation\\FYP-26-S2-30\\lib\\emailValidation.js","statementMap":{"0":{"start":{"line":1,"column":16},"end":{"line":1,"column":29}},"1":{"start":{"line":2,"column":2},"end":{"line":2,"column":null}},"2":{"start":{"line":2,"column":14},"end":{"line":2,"column":null}},"3":{"start":{"line":3,"column":2},"end":{"line":3,"column":null}}},"fnMap":{"0":{"name":"isValidEmail","decl":{"start":{"line":1,"column":16},"end":{"line":1,"column":29}},"loc":{"start":{"line":1,"column":34},"end":{"line":4,"column":null}}}},"branchMap":{"0":{"loc":{"start":{"line":2,"column":2},"end":{"line":2,"column":null}},"type":"if","locations":[{"start":{"line":2,"column":2},"end":{"line":2,"column":null}},{"start":{},"end":{}}]}},"s":{"0":0,"1":0,"2":0,"3":0},"f":{"0":0},"b":{"0":[0,0]}}
,"C:\\Users\\saung\\Downloads\\smart-task-allocation\\FYP-26-S2-30\\lib\\geolocation.js": {"path":"C:\\Users\\saung\\Downloads\\smart-task-allocation\\FYP-26-S2-30\\lib\\geolocation.js","statementMap":{"0":{"start":{"line":3,"column":13},"end":{"line":3,"column":35}},"1":{"start":{"line":18,"column":16},"end":{"line":18,"column":34}},"2":{"start":{"line":5,"column":16},"end":{"line":5,"column":33}},"3":{"start":{"line":3,"column":38},"end":{"line":3,"column":null}},"4":{"start":{"line":6,"column":12},"end":{"line":6,"column":20}},"5":{"start":{"line":7,"column":16},"end":{"line":7,"column":null}},"6":{"start":{"line":7,"column":25},"end":{"line":7,"column":null}},"7":{"start":{"line":8,"column":15},"end":{"line":8,"column":null}},"8":{"start":{"line":9,"column":15},"end":{"line":9,"column":null}},"9":{"start":{"line":11,"column":4},"end":{"line":12,"column":null}},"10":{"start":{"line":13,"column":2},"end":{"line":13,"column":null}},"11":{"start":{"line":19,"column":2},"end":{"line":35,"column":null}},"12":{"start":{"line":20,"column":4},"end":{"line":23,"column":null}},"13":{"start":{"line":21,"column":6},"end":{"line":21,"column":null}},"14":{"start":{"line":22,"column":6},"end":{"line":22,"column":null}},"15":{"start":{"line":24,"column":4},"end":{"line":33,"column":null}},"16":{"start":{"line":25,"column":20},"end":{"line":25,"column":null}},"17":{"start":{"line":27,"column":8},"end":{"line":31,"column":null}},"18":{"start":{"line":28,"column":10},"end":{"line":28,"column":null}},"19":{"start":{"line":30,"column":10},"end":{"line":30,"column":null}}},"fnMap":{"0":{"name":"getDistanceMeters","decl":{"start":{"line":5,"column":16},"end":{"line":5,"column":33}},"loc":{"start":{"line":5,"column":56},"end":{"line":14,"column":null}}},"1":{"name":"(anonymous_5)","decl":{"start":{"line":7,"column":16},"end":{"line":7,"column":17}},"loc":{"start":{"line":7,"column":25},"end":{"line":7,"column":null}}},"2":{"name":"getCurrentPosition","decl":{"start":{"line":18,"column":16},"end":{"line":18,"column":34}},"loc":{"start":{"line":18,"column":16},"end":{"line":36,"column":null}}},"3":{"name":"(anonymous_7)","decl":{"start":{"line":19,"column":21},"end":{"line":19,"column":22}},"loc":{"start":{"line":19,"column":31},"end":{"line":35,"column":null}}},"4":{"name":"(anonymous_8)","decl":{"start":{"line":25,"column":6},"end":{"line":25,"column":7}},"loc":{"start":{"line":25,"column":20},"end":{"line":25,"column":null}}},"5":{"name":"(anonymous_9)","decl":{"start":{"line":26,"column":6},"end":{"line":26,"column":7}},"loc":{"start":{"line":26,"column":7},"end":{"line":32,"column":null}}}},"branchMap":{"0":{"loc":{"start":{"line":20,"column":4},"end":{"line":23,"column":null}},"type":"if","locations":[{"start":{"line":20,"column":4},"end":{"line":23,"column":null}},{"start":{},"end":{}}]},"1":{"loc":{"start":{"line":27,"column":8},"end":{"line":31,"column":null}},"type":"if","locations":[{"start":{"line":27,"column":8},"end":{"line":31,"column":null}},{"start":{"line":29,"column":15},"end":{"line":31,"column":null}}]}},"s":{"0":2,"1":0,"2":4,"3":2,"4":4,"5":4,"6":16,"7":4,"8":4,"9":4,"10":4,"11":0,"12":0,"13":0,"14":0,"15":0,"16":0,"17":0,"18":0,"19":0},"f":{"0":4,"1":16,"2":0,"3":0,"4":0,"5":0},"b":{"0":[0,0],"1":[0,0]}}
,"C:\\Users\\saung\\Downloads\\smart-task-allocation\\FYP-26-S2-30\\lib\\recommendationEngine.js": {"path":"C:\\Users\\saung\\Downloads\\smart-task-allocation\\FYP-26-S2-30\\lib\\recommendationEngine.js","statementMap":{"0":{"start":{"line":33,"column":16},"end":{"line":33,"column":35}},"1":{"start":{"line":114,"column":16},"end":{"line":114,"column":40}},"2":{"start":{"line":136,"column":16},"end":{"line":136,"column":47}},"3":{"start":{"line":147,"column":16},"end":{"line":147,"column":39}},"4":{"start":{"line":1,"column":34},"end":{"line":1,"column":null}},"5":{"start":{"line":3,"column":36},"end":{"line":12,"column":null}},"6":{"start":{"line":15,"column":2},"end":{"line":15,"column":null}},"7":{"start":{"line":15,"column":22},"end":{"line":15,"column":null}},"8":{"start":{"line":16,"column":2},"end":{"line":16,"column":null}},"9":{"start":{"line":16,"column":62},"end":{"line":16,"column":null}},"10":{"start":{"line":17,"column":2},"end":{"line":17,"column":null}},"11":{"start":{"line":17,"column":62},"end":{"line":17,"column":null}},"12":{"start":{"line":18,"column":2},"end":{"line":18,"column":null}},"13":{"start":{"line":22,"column":2},"end":{"line":22,"column":null}},"14":{"start":{"line":26,"column":2},"end":{"line":26,"column":null}},"15":{"start":{"line":30,"column":2},"end":{"line":30,"column":null}},"16":{"start":{"line":34,"column":18},"end":{"line":40,"column":null}},"17":{"start":{"line":42,"column":28},"end":{"line":42,"column":null}},"18":{"start":{"line":43,"column":25},"end":{"line":43,"column":null}},"19":{"start":{"line":44,"column":28},"end":{"line":44,"column":null}},"20":{"start":{"line":46,"column":14},"end":{"line":46,"column":null}},"21":{"start":{"line":47,"column":18},"end":{"line":47,"column":20}},"22":{"start":{"line":48,"column":25},"end":{"line":48,"column":27}},"23":{"start":{"line":50,"column":2},"end":{"line":56,"column":null}},"24":{"start":{"line":51,"column":4},"end":{"line":51,"column":null}},"25":{"start":{"line":52,"column":4},"end":{"line":52,"column":null}},"26":{"start":{"line":53,"column":4},"end":{"line":53,"column":null}},"27":{"start":{"line":55,"column":4},"end":{"line":55,"column":null}},"28":{"start":{"line":58,"column":25},"end":{"line":58,"column":null}},"29":{"start":{"line":59,"column":24},"end":{"line":59,"column":null}},"30":{"start":{"line":60,"column":2},"end":{"line":71,"column":null}},"31":{"start":{"line":61,"column":23},"end":{"line":61,"column":null}},"32":{"start":{"line":62,"column":4},"end":{"line":68,"column":null}},"33":{"start":{"line":63,"column":6},"end":{"line":63,"column":null}},"34":{"start":{"line":64,"column":6},"end":{"line":64,"column":null}},"35":{"start":{"line":65,"column":6},"end":{"line":65,"column":null}},"36":{"start":{"line":67,"column":6},"end":{"line":67,"column":null}},"37":{"start":{"line":70,"column":4},"end":{"line":70,"column":null}},"38":{"start":{"line":73,"column":21},"end":{"line":73,"column":null}},"39":{"start":{"line":74,"column":2},"end":{"line":80,"column":null}},"40":{"start":{"line":75,"column":4},"end":{"line":75,"column":null}},"41":{"start":{"line":76,"column":4},"end":{"line":76,"column":null}},"42":{"start":{"line":77,"column":4},"end":{"line":77,"column":null}},"43":{"start":{"line":79,"column":4},"end":{"line":79,"column":null}},"44":{"start":{"line":82,"column":2},"end":{"line":88,"column":null}},"45":{"start":{"line":83,"column":4},"end":{"line":83,"column":null}},"46":{"start":{"line":84,"column":4},"end":{"line":84,"column":null}},"47":{"start":{"line":85,"column":4},"end":{"line":85,"column":null}},"48":{"start":{"line":87,"column":4},"end":{"line":87,"column":null}},"49":{"start":{"line":90,"column":2},"end":{"line":96,"column":null}},"50":{"start":{"line":91,"column":4},"end":{"line":91,"column":null}},"51":{"start":{"line":92,"column":4},"end":{"line":92,"column":null}},"52":{"start":{"line":93,"column":4},"end":{"line":93,"column":null}},"53":{"start":{"line":95,"column":4},"end":{"line":95,"column":null}},"54":{"start":{"line":98,"column":2},"end":{"line":104,"column":null}},"55":{"start":{"line":108,"column":2},"end":{"line":108,"column":null}},"56":{"start":{"line":115,"column":17},"end":{"line":115,"column":null}},"57":{"start":{"line":116,"column":2},"end":{"line":116,"column":null}},"58":{"start":{"line":116,"column":72},"end":{"line":116,"column":null}},"59":{"start":{"line":118,"column":21},"end":{"line":121,"column":null}},"60":{"start":{"line":119,"column":23},"end":{"line":119,"column":null}},"61":{"start":{"line":120,"column":21},"end":{"line":120,"column":null}},"62":{"start":{"line":121,"column":20},"end":{"line":121,"column":49}},"63":{"start":{"line":123,"column":2},"end":{"line":125,"column":null}},"64":{"start":{"line":124,"column":4},"end":{"line":124,"column":null}},"65":{"start":{"line":124,"column":68},"end":{"line":124,"column":null}},"66":{"start":{"line":128,"column":2},"end":{"line":131,"column":null}},"67":{"start":{"line":129,"column":18},"end":{"line":129,"column":null}},"68":{"start":{"line":129,"column":53},"end":{"line":129,"column":null}},"69":{"start":{"line":130,"column":4},"end":{"line":130,"column":null}},"70":{"start":{"line":130,"column":29},"end":{"line":130,"column":90}},"71":{"start":{"line":130,"column":90},"end":{"line":130,"column":null}},"72":{"start":{"line":133,"column":2},"end":{"line":133,"column":null}},"73":{"start":{"line":137,"column":2},"end":{"line":139,"column":null}},"74":{"start":{"line":138,"column":4},"end":{"line":138,"column":null}},"75":{"start":{"line":141,"column":2},"end":{"line":144,"column":null}},"76":{"start":{"line":142,"column":22},"end":{"line":142,"column":34}},"77":{"start":{"line":143,"column":19},"end":{"line":143,"column":56}},"78":{"start":{"line":148,"column":15},"end":{"line":148,"column":null}},"79":{"start":{"line":148,"column":51},"end":{"line":148,"column":null}},"80":{"start":{"line":149,"column":17},"end":{"line":149,"column":null}},"81":{"start":{"line":149,"column":37},"end":{"line":149,"column":null}},"82":{"start":{"line":151,"column":25},"end":{"line":151,"column":null}},"83":{"start":{"line":152,"column":16},"end":{"line":152,"column":null}},"84":{"start":{"line":153,"column":2},"end":{"line":165,"column":null}},"85":{"start":{"line":154,"column":27},"end":{"line":154,"column":null}},"86":{"start":{"line":154,"column":49},"end":{"line":154,"column":84}},"87":{"start":{"line":155,"column":4},"end":{"line":164,"column":null}},"88":{"start":{"line":156,"column":6},"end":{"line":156,"column":null}},"89":{"start":{"line":157,"column":27},"end":{"line":157,"column":null}},"90":{"start":{"line":158,"column":6},"end":{"line":158,"column":null}},"91":{"start":{"line":159,"column":6},"end":{"line":162,"column":null}},"92":{"start":{"line":163,"column":6},"end":{"line":163,"column":null}},"93":{"start":{"line":170,"column":2},"end":{"line":181,"column":null}},"94":{"start":{"line":171,"column":27},"end":{"line":171,"column":null}},"95":{"start":{"line":171,"column":49},"end":{"line":171,"column":90}},"96":{"start":{"line":172,"column":4},"end":{"line":180,"column":null}},"97":{"start":{"line":173,"column":6},"end":{"line":173,"column":null}},"98":{"start":{"line":174,"column":27},"end":{"line":174,"column":null}},"99":{"start":{"line":175,"column":6},"end":{"line":175,"column":null}},"100":{"start":{"line":176,"column":6},"end":{"line":179,"column":null}},"101":{"start":{"line":183,"column":2},"end":{"line":183,"column":null}},"102":{"start":{"line":183,"column":33},"end":{"line":183,"column":49}},"103":{"start":{"line":183,"column":64},"end":{"line":183,"column":81}}},"fnMap":{"0":{"name":"normalizeParam","decl":{"start":{"line":14,"column":9},"end":{"line":14,"column":24}},"loc":{"start":{"line":14,"column":60},"end":{"line":19,"column":null}}},"1":{"name":"getWeight","decl":{"start":{"line":21,"column":9},"end":{"line":21,"column":19}},"loc":{"start":{"line":21,"column":40},"end":{"line":23,"column":null}}},"2":{"name":"getThreshold","decl":{"start":{"line":25,"column":9},"end":{"line":25,"column":22}},"loc":{"start":{"line":25,"column":43},"end":{"line":27,"column":null}}},"3":{"name":"normalizeText","decl":{"start":{"line":29,"column":9},"end":{"line":29,"column":23}},"loc":{"start":{"line":29,"column":28},"end":{"line":31,"column":null}}},"4":{"name":"calculateStaffScore","decl":{"start":{"line":33,"column":16},"end":{"line":33,"column":35}},"loc":{"start":{"line":33,"column":60},"end":{"line":105,"column":null}}},"5":{"name":"escapeRegex","decl":{"start":{"line":107,"column":9},"end":{"line":107,"column":21}},"loc":{"start":{"line":107,"column":26},"end":{"line":109,"column":null}}},"6":{"name":"findRequestedStaffByName","decl":{"start":{"line":114,"column":16},"end":{"line":114,"column":40}},"loc":{"start":{"line":114,"column":56},"end":{"line":134,"column":null}}},"7":{"name":"(anonymous_12)","decl":{"start":{"line":119,"column":12},"end":{"line":119,"column":13}},"loc":{"start":{"line":119,"column":23},"end":{"line":119,"column":null}}},"8":{"name":"(anonymous_13)","decl":{"start":{"line":120,"column":9},"end":{"line":120,"column":10}},"loc":{"start":{"line":120,"column":21},"end":{"line":120,"column":null}}},"9":{"name":"(anonymous_14)","decl":{"start":{"line":121,"column":10},"end":{"line":121,"column":11}},"loc":{"start":{"line":121,"column":20},"end":{"line":121,"column":49}}},"10":{"name":"(anonymous_15)","decl":{"start":{"line":129,"column":43},"end":{"line":129,"column":44}},"loc":{"start":{"line":129,"column":53},"end":{"line":129,"column":null}}},"11":{"name":"(anonymous_16)","decl":{"start":{"line":130,"column":19},"end":{"line":130,"column":20}},"loc":{"start":{"line":130,"column":29},"end":{"line":130,"column":90}}},"12":{"name":"formatRecommendationExplanation","decl":{"start":{"line":136,"column":16},"end":{"line":136,"column":47}},"loc":{"start":{"line":136,"column":62},"end":{"line":145,"column":null}}},"13":{"name":"(anonymous_18)","decl":{"start":{"line":142,"column":12},"end":{"line":142,"column":13}},"loc":{"start":{"line":142,"column":22},"end":{"line":142,"column":34}}},"14":{"name":"(anonymous_19)","decl":{"start":{"line":143,"column":9},"end":{"line":143,"column":10}},"loc":{"start":{"line":143,"column":19},"end":{"line":143,"column":56}}},"15":{"name":"generateRecommendations","decl":{"start":{"line":147,"column":16},"end":{"line":147,"column":39}},"loc":{"start":{"line":147,"column":98},"end":{"line":184,"column":null}}},"16":{"name":"(anonymous_21)","decl":{"start":{"line":148,"column":40},"end":{"line":148,"column":41}},"loc":{"start":{"line":148,"column":51},"end":{"line":148,"column":null}}},"17":{"name":"(anonymous_22)","decl":{"start":{"line":149,"column":26},"end":{"line":149,"column":27}},"loc":{"start":{"line":149,"column":37},"end":{"line":149,"column":null}}},"18":{"name":"(anonymous_23)","decl":{"start":{"line":154,"column":39},"end":{"line":154,"column":40}},"loc":{"start":{"line":154,"column":49},"end":{"line":154,"column":84}}},"19":{"name":"(anonymous_24)","decl":{"start":{"line":171,"column":39},"end":{"line":171,"column":40}},"loc":{"start":{"line":171,"column":49},"end":{"line":171,"column":90}}},"20":{"name":"(anonymous_25)","decl":{"start":{"line":183,"column":23},"end":{"line":183,"column":24}},"loc":{"start":{"line":183,"column":33},"end":{"line":183,"column":49}}},"21":{"name":"(anonymous_26)","decl":{"start":{"line":183,"column":54},"end":{"line":183,"column":55}},"loc":{"start":{"line":183,"column":64},"end":{"line":183,"column":81}}}},"branchMap":{"0":{"loc":{"start":{"line":15,"column":2},"end":{"line":15,"column":null}},"type":"if","locations":[{"start":{"line":15,"column":2},"end":{"line":15,"column":null}},{"start":{},"end":{}}]},"1":{"loc":{"start":{"line":16,"column":2},"end":{"line":16,"column":null}},"type":"if","locations":[{"start":{"line":16,"column":2},"end":{"line":16,"column":null}},{"start":{},"end":{}}]},"2":{"loc":{"start":{"line":17,"column":2},"end":{"line":17,"column":null}},"type":"if","locations":[{"start":{"line":17,"column":2},"end":{"line":17,"column":null}},{"start":{},"end":{}}]},"3":{"loc":{"start":{"line":30,"column":16},"end":{"line":30,"column":29}},"type":"binary-expr","locations":[{"start":{"line":30,"column":16},"end":{"line":30,"column":25}},{"start":{"line":30,"column":25},"end":{"line":30,"column":29}}]},"4":{"loc":{"start":{"line":33,"column":49},"end":{"line":33,"column":60}},"type":"default-arg","locations":[{"start":{"line":33,"column":58},"end":{"line":33,"column":60}}]},"5":{"loc":{"start":{"line":50,"column":2},"end":{"line":56,"column":null}},"type":"if","locations":[{"start":{"line":50,"column":2},"end":{"line":56,"column":null}},{"start":{"line":54,"column":9},"end":{"line":56,"column":null}}]},"6":{"loc":{"start":{"line":58,"column":25},"end":{"line":58,"column":null}},"type":"binary-expr","locations":[{"start":{"line":58,"column":25},"end":{"line":58,"column":60}},{"start":{"line":58,"column":60},"end":{"line":58,"column":null}}]},"7":{"loc":{"start":{"line":59,"column":24},"end":{"line":59,"column":null}},"type":"binary-expr","locations":[{"start":{"line":59,"column":24},"end":{"line":59,"column":58}},{"start":{"line":59,"column":58},"end":{"line":59,"column":null}}]},"8":{"loc":{"start":{"line":60,"column":2},"end":{"line":71,"column":null}},"type":"if","locations":[{"start":{"line":60,"column":2},"end":{"line":71,"column":null}},{"start":{"line":69,"column":9},"end":{"line":71,"column":null}}]},"9":{"loc":{"start":{"line":60,"column":6},"end":{"line":60,"column":39}},"type":"binary-expr","locations":[{"start":{"line":60,"column":6},"end":{"line":60,"column":24}},{"start":{"line":60,"column":24},"end":{"line":60,"column":39}}]},"10":{"loc":{"start":{"line":62,"column":4},"end":{"line":68,"column":null}},"type":"if","locations":[{"start":{"line":62,"column":4},"end":{"line":68,"column":null}},{"start":{"line":66,"column":11},"end":{"line":68,"column":null}}]},"11":{"loc":{"start":{"line":73,"column":28},"end":{"line":73,"column":63}},"type":"binary-expr","locations":[{"start":{"line":73,"column":28},"end":{"line":73,"column":54}},{"start":{"line":73,"column":58},"end":{"line":73,"column":63}}]},"12":{"loc":{"start":{"line":73,"column":70},"end":{"line":73,"column":null}},"type":"binary-expr","locations":[{"start":{"line":73,"column":70},"end":{"line":73,"column":90}},{"start":{"line":73,"column":94},"end":{"line":73,"column":null}}]},"13":{"loc":{"start":{"line":74,"column":2},"end":{"line":80,"column":null}},"type":"if","locations":[{"start":{"line":74,"column":2},"end":{"line":80,"column":null}},{"start":{"line":78,"column":9},"end":{"line":80,"column":null}}]},"14":{"loc":{"start":{"line":82,"column":2},"end":{"line":88,"column":null}},"type":"if","locations":[{"start":{"line":82,"column":2},"end":{"line":88,"column":null}},{"start":{"line":86,"column":9},"end":{"line":88,"column":null}}]},"15":{"loc":{"start":{"line":82,"column":13},"end":{"line":82,"column":45}},"type":"binary-expr","locations":[{"start":{"line":82,"column":13},"end":{"line":82,"column":35}},{"start":{"line":82,"column":39},"end":{"line":82,"column":45}}]},"16":{"loc":{"start":{"line":90,"column":2},"end":{"line":96,"column":null}},"type":"if","locations":[{"start":{"line":90,"column":2},"end":{"line":96,"column":null}},{"start":{"line":94,"column":9},"end":{"line":96,"column":null}}]},"17":{"loc":{"start":{"line":90,"column":13},"end":{"line":90,"column":47}},"type":"binary-expr","locations":[{"start":{"line":90,"column":13},"end":{"line":90,"column":37}},{"start":{"line":90,"column":41},"end":{"line":90,"column":47}}]},"18":{"loc":{"start":{"line":102,"column":12},"end":{"line":102,"column":null}},"type":"cond-expr","locations":[{"start":{"line":102,"column":29},"end":{"line":102,"column":50}},{"start":{"line":102,"column":50},"end":{"line":102,"column":null}}]},"19":{"loc":{"start":{"line":115,"column":24},"end":{"line":115,"column":null}},"type":"binary-expr","locations":[{"start":{"line":115,"column":24},"end":{"line":115,"column":32}},{"start":{"line":115,"column":32},"end":{"line":115,"column":null}}]},"20":{"loc":{"start":{"line":116,"column":2},"end":{"line":116,"column":null}},"type":"if","locations":[{"start":{"line":116,"column":2},"end":{"line":116,"column":null}},{"start":{},"end":{}}]},"21":{"loc":{"start":{"line":116,"column":6},"end":{"line":116,"column":70}},"type":"binary-expr","locations":[{"start":{"line":116,"column":6},"end":{"line":116,"column":24}},{"start":{"line":116,"column":24},"end":{"line":116,"column":53}},{"start":{"line":116,"column":53},"end":{"line":116,"column":70}}]},"22":{"loc":{"start":{"line":119,"column":23},"end":{"line":119,"column":null}},"type":"binary-expr","locations":[{"start":{"line":119,"column":23},"end":{"line":119,"column":39}},{"start":{"line":119,"column":43},"end":{"line":119,"column":null}}]},"23":{"loc":{"start":{"line":124,"column":4},"end":{"line":124,"column":null}},"type":"if","locations":[{"start":{"line":124,"column":4},"end":{"line":124,"column":null}},{"start":{},"end":{}}]},"24":{"loc":{"start":{"line":130,"column":4},"end":{"line":130,"column":null}},"type":"if","locations":[{"start":{"line":130,"column":4},"end":{"line":130,"column":null}},{"start":{},"end":{}}]},"25":{"loc":{"start":{"line":137,"column":2},"end":{"line":139,"column":null}},"type":"if","locations":[{"start":{"line":137,"column":2},"end":{"line":139,"column":null}},{"start":{},"end":{}}]},"26":{"loc":{"start":{"line":138,"column":11},"end":{"line":138,"column":null}},"type":"binary-expr","locations":[{"start":{"line":138,"column":11},"end":{"line":138,"column":37}},{"start":{"line":138,"column":37},"end":{"line":138,"column":null}}]},"27":{"loc":{"start":{"line":141,"column":9},"end":{"line":144,"column":41}},"type":"binary-expr","locations":[{"start":{"line":141,"column":9},"end":{"line":144,"column":20}},{"start":{"line":144,"column":20},"end":{"line":144,"column":41}}]},"28":{"loc":{"start":{"line":147,"column":57},"end":{"line":147,"column":68}},"type":"default-arg","locations":[{"start":{"line":147,"column":66},"end":{"line":147,"column":68}}]},"29":{"loc":{"start":{"line":147,"column":70},"end":{"line":147,"column":98}},"type":"default-arg","locations":[{"start":{"line":147,"column":89},"end":{"line":147,"column":98}}]},"30":{"loc":{"start":{"line":148,"column":16},"end":{"line":148,"column":31}},"type":"binary-expr","locations":[{"start":{"line":148,"column":16},"end":{"line":148,"column":29}},{"start":{"line":148,"column":29},"end":{"line":148,"column":31}}]},"31":{"loc":{"start":{"line":148,"column":51},"end":{"line":148,"column":null}},"type":"binary-expr","locations":[{"start":{"line":148,"column":51},"end":{"line":148,"column":70}},{"start":{"line":148,"column":74},"end":{"line":148,"column":106}},{"start":{"line":148,"column":106},"end":{"line":148,"column":null}}]},"32":{"loc":{"start":{"line":153,"column":2},"end":{"line":165,"column":null}},"type":"if","locations":[{"start":{"line":153,"column":2},"end":{"line":165,"column":null}},{"start":{},"end":{}}]},"33":{"loc":{"start":{"line":155,"column":4},"end":{"line":164,"column":null}},"type":"if","locations":[{"start":{"line":155,"column":4},"end":{"line":164,"column":null}},{"start":{},"end":{}}]},"34":{"loc":{"start":{"line":157,"column":27},"end":{"line":157,"column":null}},"type":"cond-expr","locations":[{"start":{"line":157,"column":73},"end":{"line":157,"column":75}},{"start":{"line":157,"column":78},"end":{"line":157,"column":null}}]},"35":{"loc":{"start":{"line":170,"column":2},"end":{"line":181,"column":null}},"type":"if","locations":[{"start":{"line":170,"column":2},"end":{"line":181,"column":null}},{"start":{},"end":{}}]},"36":{"loc":{"start":{"line":170,"column":6},"end":{"line":170,"column":41}},"type":"binary-expr","locations":[{"start":{"line":170,"column":6},"end":{"line":170,"column":18}},{"start":{"line":170,"column":18},"end":{"line":170,"column":41}}]},"37":{"loc":{"start":{"line":172,"column":4},"end":{"line":180,"column":null}},"type":"if","locations":[{"start":{"line":172,"column":4},"end":{"line":180,"column":null}},{"start":{},"end":{}}]},"38":{"loc":{"start":{"line":172,"column":8},"end":{"line":172,"column":52}},"type":"binary-expr","locations":[{"start":{"line":172,"column":8},"end":{"line":172,"column":26}},{"start":{"line":172,"column":26},"end":{"line":172,"column":52}}]},"39":{"loc":{"start":{"line":174,"column":27},"end":{"line":174,"column":null}},"type":"cond-expr","locations":[{"start":{"line":174,"column":73},"end":{"line":174,"column":75}},{"start":{"line":174,"column":78},"end":{"line":174,"column":null}}]}},"s":{"0":2,"1":3,"2":0,"3":4,"4":1,"5":1,"6":56,"7":0,"8":56,"9":0,"10":56,"11":0,"12":56,"13":35,"14":21,"15":7,"16":7,"17":7,"18":7,"19":7,"20":7,"21":7,"22":7,"23":7,"24":5,"25":5,"26":5,"27":2,"28":7,"29":7,"30":7,"31":2,"32":2,"33":1,"34":1,"35":1,"36":1,"37":5,"38":7,"39":7,"40":4,"41":4,"42":4,"43":3,"44":7,"45":5,"46":5,"47":5,"48":2,"49":7,"50":5,"51":5,"52":5,"53":2,"54":7,"55":8,"56":7,"57":7,"58":3,"59":4,"60":7,"61":7,"62":3,"63":4,"64":5,"65":2,"66":2,"67":2,"68":4,"69":2,"70":3,"71":1,"72":1,"73":0,"74":0,"75":0,"76":0,"77":0,"78":4,"79":7,"80":4,"81":5,"82":4,"83":4,"84":4,"85":1,"86":1,"87":1,"88":1,"89":1,"90":1,"91":1,"92":1,"93":4,"94":2,"95":2,"96":2,"97":1,"98":1,"99":1,"100":1,"101":4,"102":5,"103":1},"f":{"0":56,"1":35,"2":21,"3":7,"4":7,"5":8,"6":7,"7":7,"8":7,"9":3,"10":4,"11":3,"12":0,"13":0,"14":0,"15":4,"16":7,"17":5,"18":1,"19":2,"20":5,"21":1},"b":{"0":[0,56],"1":[0,56],"2":[0,56],"3":[7,0],"4":[0],"5":[5,2],"6":[7,2],"7":[7,2],"8":[2,5],"9":[7,2],"10":[1,1],"11":[7,0],"12":[7,0],"13":[4,3],"14":[5,2],"15":[7,0],"16":[5,2],"17":[7,0],"18":[5,2],"19":[7,3],"20":[3,4],"21":[7,4,4],"22":[7,7],"23":[2,3],"24":[1,1],"25":[0,0],"26":[0,0],"27":[0,0],"28":[3],"29":[3],"30":[4,0],"31":[7,6,6],"32":[1,3],"33":[1,0],"34":[0,1],"35":[2,2],"36":[4,3],"37":[1,1],"38":[2,2],"39":[0,1]}}
,"C:\\Users\\saung\\Downloads\\smart-task-allocation\\FYP-26-S2-30\\lib\\recurringBookings.js": {"path":"C:\\Users\\saung\\Downloads\\smart-task-allocation\\FYP-26-S2-30\\lib\\recurringBookings.js","statementMap":{"0":{"start":{"line":158,"column":22},"end":{"line":158,"column":51}},"1":{"start":{"line":126,"column":22},"end":{"line":126,"column":51}},"2":{"start":{"line":28,"column":16},"end":{"line":28,"column":37}},"3":{"start":{"line":212,"column":22},"end":{"line":212,"column":42}},"4":{"start":{"line":1,"column":73},"end":{"line":1,"column":null}},"5":{"start":{"line":2,"column":50},"end":{"line":2,"column":null}},"6":{"start":{"line":4,"column":32},"end":{"line":4,"column":36}},"7":{"start":{"line":5,"column":28},"end":{"line":5,"column":31}},"8":{"start":{"line":8,"column":2},"end":{"line":8,"column":null}},"9":{"start":{"line":12,"column":16},"end":{"line":12,"column":null}},"10":{"start":{"line":13,"column":14},"end":{"line":13,"column":null}},"11":{"start":{"line":14,"column":2},"end":{"line":14,"column":null}},"12":{"start":{"line":18,"column":2},"end":{"line":18,"column":null}},"13":{"start":{"line":22,"column":2},"end":{"line":22,"column":null}},"14":{"start":{"line":29,"column":21},"end":{"line":29,"column":null}},"15":{"start":{"line":30,"column":16},"end":{"line":30,"column":18}},"16":{"start":{"line":31,"column":17},"end":{"line":31,"column":null}},"17":{"start":{"line":32,"column":14},"end":{"line":32,"column":null}},"18":{"start":{"line":34,"column":2},"end":{"line":40,"column":null}},"19":{"start":{"line":35,"column":4},"end":{"line":38,"column":null}},"20":{"start":{"line":36,"column":6},"end":{"line":36,"column":null}},"21":{"start":{"line":37,"column":6},"end":{"line":37,"column":null}},"22":{"start":{"line":37,"column":46},"end":{"line":37,"column":null}},"23":{"start":{"line":39,"column":4},"end":{"line":39,"column":null}},"24":{"start":{"line":42,"column":2},"end":{"line":42,"column":null}},"25":{"start":{"line":45,"column":28},"end":{"line":45,"column":31}},"26":{"start":{"line":55,"column":27},"end":{"line":63,"column":null}},"27":{"start":{"line":66,"column":2},"end":{"line":66,"column":null}},"28":{"start":{"line":66,"column":28},"end":{"line":66,"column":null}},"29":{"start":{"line":67,"column":2},"end":{"line":71,"column":null}},"30":{"start":{"line":69,"column":20},"end":{"line":69,"column":72}},"31":{"start":{"line":70,"column":23},"end":{"line":70,"column":null}},"32":{"start":{"line":75,"column":16},"end":{"line":75,"column":null}},"33":{"start":{"line":76,"column":2},"end":{"line":76,"column":null}},"34":{"start":{"line":76,"column":14},"end":{"line":76,"column":null}},"35":{"start":{"line":77,"column":16},"end":{"line":77,"column":null}},"36":{"start":{"line":78,"column":18},"end":{"line":78,"column":null}},"37":{"start":{"line":79,"column":2},"end":{"line":79,"column":null}},"38":{"start":{"line":79,"column":62},"end":{"line":79,"column":null}},"39":{"start":{"line":80,"column":2},"end":{"line":80,"column":null}},"40":{"start":{"line":86,"column":23},"end":{"line":86,"column":null}},"41":{"start":{"line":87,"column":21},"end":{"line":87,"column":null}},"42":{"start":{"line":88,"column":2},"end":{"line":88,"column":null}},"43":{"start":{"line":88,"column":50},"end":{"line":88,"column":null}},"44":{"start":{"line":89,"column":22},"end":{"line":89,"column":null}},"45":{"start":{"line":90,"column":2},"end":{"line":90,"column":null}},"46":{"start":{"line":94,"column":2},"end":{"line":96,"column":null}},"47":{"start":{"line":95,"column":4},"end":{"line":95,"column":null}},"48":{"start":{"line":97,"column":2},"end":{"line":99,"column":null}},"49":{"start":{"line":98,"column":4},"end":{"line":98,"column":null}},"50":{"start":{"line":100,"column":2},"end":{"line":102,"column":null}},"51":{"start":{"line":101,"column":4},"end":{"line":101,"column":null}},"52":{"start":{"line":103,"column":2},"end":{"line":105,"column":null}},"53":{"start":{"line":104,"column":4},"end":{"line":104,"column":null}},"54":{"start":{"line":107,"column":21},"end":{"line":109,"column":8}},"55":{"start":{"line":108,"column":66},"end":{"line":108,"column":null}},"56":{"start":{"line":110,"column":2},"end":{"line":112,"column":null}},"57":{"start":{"line":111,"column":4},"end":{"line":111,"column":null}},"58":{"start":{"line":114,"column":21},"end":{"line":116,"column":null}},"59":{"start":{"line":118,"column":2},"end":{"line":118,"column":null}},"60":{"start":{"line":127,"column":15},"end":{"line":127,"column":null}},"61":{"start":{"line":129,"column":26},"end":{"line":143,"column":null}},"62":{"start":{"line":145,"column":2},"end":{"line":145,"column":null}},"63":{"start":{"line":145,"column":13},"end":{"line":145,"column":null}},"64":{"start":{"line":146,"colu
[...]
line":59,"column":29},"end":{"line":59,"column":30}},"loc":{"start":{"line":59,"column":36},"end":{"line":62,"column":null}}},"8":{"name":"(anonymous_20)","decl":{"start":{"line":64,"column":25},"end":{"line":64,"column":26}},"loc":{"start":{"line":65,"column":2},"end":{"line":67,"column":null}}},"9":{"name":"(anonymous_21)","decl":{"start":{"line":67,"column":45},"end":{"line":67,"column":50}},"loc":{"start":{"line":67,"column":50},"end":{"line":67,"column":null}}},"10":{"name":"(anonymous_22)","decl":{"start":{"line":69,"column":35},"end":{"line":69,"column":36}},"loc":{"start":{"line":69,"column":36},"end":{"line":115,"column":null}}}},"branchMap":{"0":{"loc":{"start":{"line":9,"column":37},"end":{"line":9,"column":null}},"type":"cond-expr","locations":[{"start":{"line":9,"column":45},"end":{"line":9,"column":63}},{"start":{"line":9,"column":63},"end":{"line":9,"column":null}}]},"1":{"loc":{"start":{"line":13,"column":9},"end":{"line":13,"column":null}},"type":"binary-expr","locations":[{"start":{"line":13,"column":9},"end":{"line":13,"column":20}},{"start":{"line":13,"column":20},"end":{"line":13,"column":44}},{"start":{"line":13,"column":44},"end":{"line":13,"column":null}}]},"2":{"loc":{"start":{"line":17,"column":2},"end":{"line":19,"column":null}},"type":"if","locations":[{"start":{"line":17,"column":2},"end":{"line":19,"column":null}},{"start":{},"end":{}}]},"3":{"loc":{"start":{"line":17,"column":6},"end":{"line":17,"column":59}},"type":"binary-expr","locations":[{"start":{"line":17,"column":6},"end":{"line":17,"column":38}},{"start":{"line":17,"column":38},"end":{"line":17,"column":59}}]},"4":{"loc":{"start":{"line":26,"column":4},"end":{"line":29,"column":24}},"type":"binary-expr","locations":[{"start":{"line":26,"column":4},"end":{"line":26,"column":24}},{"start":{"line":27,"column":4},"end":{"line":27,"column":26}},{"start":{"line":28,"column":4},"end":{"line":28,"column":22}},{"start":{"line":29,"column":4},"end":{"line":29,"column":24}}]},"5":{"loc":{"start":{"line":31,"column":9},"end":{"line":31,"column":null}},"type":"cond-expr","locations":[{"start":{"line":31,"column":21},"end":{"line":31,"column":43}},{"start":{"line":31,"column":43},"end":{"line":31,"column":null}}]},"6":{"loc":{"start":{"line":35,"column":2},"end":{"line":39,"column":null}},"type":"binary-expr","locations":[{"start":{"line":35,"column":2},"end":{"line":35,"column":null}},{"start":{"line":36,"column":2},"end":{"line":36,"column":null}},{"start":{"line":37,"column":2},"end":{"line":37,"column":null}},{"start":{"line":38,"column":2},"end":{"line":38,"column":null}},{"start":{"line":39,"column":2},"end":{"line":39,"column":null}}]},"7":{"loc":{"start":{"line":49,"column":27},"end":{"line":49,"column":null}},"type":"cond-expr","locations":[{"start":{"line":49,"column":39},"end":{"line":49,"column":43}},{"start":{"line":49,"column":43},"end":{"line":49,"column":null}}]},"8":{"loc":{"start":{"line":61,"column":17},"end":{"line":61,"column":77}},"type":"binary-expr","locations":[{"start":{"line":61,"column":17},"end":{"line":61,"column":29}},{"start":{"line":61,"column":29},"end":{"line":61,"column":52}},{"start":{"line":61,"column":56},"end":{"line":61,"column":77}}]},"9":{"loc":{"start":{"line":65,"column":2},"end":{"line":67,"column":null}},"type":"cond-expr","locations":[{"start":{"line":66,"column":6},"end":{"line":66,"column":null}},{"start":{"line":67,"column":6},"end":{"line":67,"column":null}}]},"10":{"loc":{"start":{"line":70,"column":23},"end":{"line":72,"column":null}},"type":"cond-expr","locations":[{"start":{"line":71,"column":6},"end":{"line":71,"column":null}},{"start":{"line":72,"column":6},"end":{"line":72,"column":null}}]},"11":{"loc":{"start":{"line":71,"column":44},"end":{"line":71,"column":78}},"type":"binary-expr","locations":[{"start":{"line":71,"column":44},"end":{"line":71,"column":66}},{"start":{"line":71,"column":70},"end":{"line":71,"column":78}}]},"12":{"loc":{"start":{"line":75,"column":26},"end":{"line":77,"column":null}},"type":"cond-expr","locations":[{"start":{"line":76,"column":6},"end":{"line":76,"column":null}},{"start":{"line":77,"column":6},"end":{"line":77,"column":null}}]},"13":{"loc":{"start":{"line":76,"column":57},"end":{"line":76,"column":89}},"type":"binary-expr","locations":[{"start":{"line":76,"column":57},"end":{"line":76,"column":80}},{"start":{"line":76,"column":84},"end":{"line":76,"column":89}}]},"14":{"loc":{"start":{"line":84,"column":14},"end":{"line":84,"column":null}},"type":"binary-expr","locations":[{"start":{"line":84,"column":14},"end":{"line":84,"column":30}},{"start":{"line":84,"column":34},"end":{"line":84,"column":null}}]},"15":{"loc":{"start":{"line":85,"column":15},"end":{"line":85,"column":null}},"type":"binary-expr","locations":[{"start":{"line":85,"column":15},"end":{"line":85,"column":32}},{"start":{"line":85,"column":36},"end":{"line":85,"column":null}}]},"16":{"loc":{"start":{"line":88,"column":20},"end":{"line":88,"column":null}},"type":"cond-expr","locations":[{"start":{"line":88,"column":35},"end":{"line":88,"column":77}},{"start":{"line":88,"column":77},"end":{"line":88,"column":null}}]},"17":{"loc":{"start":{"line":89,"column":9},"end":{"line":89,"column":null}},"type":"cond-expr","locations":[{"start":{"line":89,"column":24},"end":{"line":89,"column":66}},{"start":{"line":89,"column":66},"end":{"line":89,"column":null}}]},"18":{"loc":{"start":{"line":90,"column":18},"end":{"line":90,"column":null}},"type":"cond-expr","locations":[{"start":{"line":90,"column":33},"end":{"line":90,"column":79}},{"start":{"line":90,"column":79},"end":{"line":90,"column":null}}]},"19":{"loc":{"start":{"line":93,"column":17},"end":{"line":93,"column":null}},"type":"binary-expr","locations":[{"start":{"line":93,"column":17},"end":{"line":93,"column":36}},{"start":{"line":93,"column":40},"end":{"line":93,"column":null}}]},"20":{"loc":{"start":{"line":95,"column":18},"end":{"line":95,"column":null}},"type":"binary-expr","locations":[{"start":{"line":95,"column":18},"end":{"line":95,"column":31}},{"start":{"line":95,"column":35},"end":{"line":95,"column":null}}]},"21":{"loc":{"start":{"line":96,"column":16},"end":{"line":96,"column":null}},"type":"binary-expr","locations":[{"start":{"line":96,"column":16},"end":{"line":96,"column":47}},{"start":{"line":96,"column":47},"end":{"line":96,"column":74}},{"start":{"line":96,"column":74},"end":{"line":96,"column":115}},{"start":{"line":96,"column":115},"end":{"line":96,"column":null}}]},"22":{"loc":{"start":{"line":98,"column":19},"end":{"line":98,"column":null}},"type":"binary-expr","locations":[{"start":{"line":98,"column":19},"end":{"line":98,"column":46}},{"start":{"line":98,"column":46},"end":{"line":98,"column":null}}]},"23":{"loc":{"start":{"line":99,"column":12},"end":{"line":99,"column":null}},"type":"binary-expr","locations":[{"start":{"line":99,"column":12},"end":{"line":99,"column":26}},{"start":{"line":99,"column":30},"end":{"line":99,"column":null}}]},"24":{"loc":{"start":{"line":100,"column":21},"end":{"line":100,"column":null}},"type":"binary-expr","locations":[{"start":{"line":100,"column":21},"end":{"line":100,"column":39}},{"start":{"line":100,"column":43},"end":{"line":100,"column":null}}]},"25":{"loc":{"start":{"line":101,"column":21},"end":{"line":101,"column":null}},"type":"binary-expr","locations":[{"start":{"line":101,"column":21},"end":{"line":101,"column":62}},{"start":{"line":101,"column":62},"end":{"line":101,"column":null}}]},"26":{"loc":{"start":{"line":102,"column":17},"end":{"line":102,"column":null}},"type":"binary-expr","locations":[{"start":{"line":102,"column":17},"end":{"line":102,"column":37}},{"start":{"line":102,"column":41},"end":{"line":102,"column":null}}]},"27":{"loc":{"start":{"line":103,"column":22},"end":{"line":103,"column":null}},"type":"binary-expr","locations":[{"start":{"line":103,"column":22},"end":{"line":103,"column":47}},{"start":{"line":103,"column":51},"end":{"line":103,"column":null}}]},"28":{"loc":{"start":{"line":104,"column":21},"end":{"line":104,"column":null}},"type":"binary-expr","locations":[{"start":{"line":104,"column":21},"end":{"line":104,"column":46}},{"start":{"line":104,"column":50},"end":{"line":104,"column":null}}]},"29":{"loc":{"start":{"line":105,"column":27},"end":{"line":105,"column":null}},"type":"binary-expr","locations":[{"start":{"line":105,"column":27},"end":{"line":105,"column":58}},{"start":{"line":105,"column":62},"end":{"line":105,"column":null}}]},"30":{"loc":{"start":{"line":106,"column":16},"end":{"line":106,"column":null}},"type":"binary-expr","locations":[{"start":{"line":106,"column":16},"end":{"line":106,"column":51}},{"start":{"line":106,"column":51},"end":{"line":106,"column":null}}]},"31":{"loc":{"start":{"line":107,"column":12},"end":{"line":107,"column":null}},"type":"binary-expr","locations":[{"start":{"line":107,"column":12},"end":{"line":107,"column":56}},{"start":{"line":107,"column":56},"end":{"line":107,"column":null}}]},"32":{"loc":{"start":{"line":108,"column":14},"end":{"line":108,"column":null}},"type":"binary-expr","locations":[{"start":{"line":108,"column":14},"end":{"line":108,"column":60}},{"start":{"line":108,"column":60},"end":{"line":108,"column":null}}]},"33":{"loc":{"start":{"line":109,"column":11},"end":{"line":109,"column":null}},"type":"binary-expr","locations":[{"start":{"line":109,"column":11},"end":{"line":109,"column":35}},{"start":{"line":109,"column":39},"end":{"line":109,"column":null}}]},"34":{"loc":{"start":{"line":110,"column":17},"end":{"line":110,"column":null}},"type":"cond-expr","locations":[{"start":{"line":110,"column":41},"end":{"line":110,"column":92}},{"start":{"line":110,"column":92},"end":{"line":110,"column":null}}]},"35":{"loc":{"start":{"line":111,"column":18},"end":{"line":111,"column":null}},"type":"cond-expr","locations":[{"start":{"line":111,"column":43},"end":{"line":111,"column":95}},{"start":{"line":111,"column":95},"end":{"line":111,"column":null}}]},"36":{"loc":{"start":{"line":112,"column":20},"end":{"line":112,"column":null}},"type":"binary-expr","locations":[{"start":{"line":112,"column":20},"end":{"line":112,"column":41}},{"start":{"line":112,"column":45},"end":{"line":112,"column":null}}]},"37":{"loc":{"start":{"line":113,"column":21},"end":{"line":113,"column":null}},"type":"binary-expr","locations":[{"start":{"line":113,"column":21},"end":{"line":113,"column":43}},{"start":{"line":113,"column":47},"end":{"line":113,"column":null}}]}},"s":{"0":0,"1":0,"2":0,"3":0,"4":0,"5":0,"6":0,"7":0,"8":0,"9":0,"10":0,"11":0,"12":0,"13":0,"14":0,"15":0,"16":0,"17":0,"18":0,"19":0,"20":0,"21":0,"22":0,"23":0,"24":0,"25":0,"26":0,"27":0,"28":0,"29":0,"30":0,"31":0,"32":0,"33":0,"34":0,"35":0,"36":0,"37":0,"38":0,"39":0,"40":0,"41":0,"42":0,"43":0,"44":0,"45":0,"46":0,"47":0,"48":0},"f":{"0":0,"1":0,"2":0,"3":0,"4":0,"5":0,"6":0,"7":0,"8":0,"9":0,"10":0},"b":{"0":[0,0],"1":[0,0,0],"2":[0,0],"3":[0,0],"4":[0,0,0,0],"5":[0,0],"6":[0,0,0,0,0],"7":[0,0],"8":[0,0,0],"9":[0,0],"10":[0,0],"11":[0,0],"12":[0,0],"13":[0,0],"14":[0,0],"15":[0,0],"16":[0,0],"17":[0,0],"18":[0,0],"19":[0,0],"20":[0,0],"21":[0,0,0,0],"22":[0,0],"23":[0,0],"24":[0,0],"25":[0,0],"26":[0,0],"27":[0,0],"28":[0,0],"29":[0,0],"30":[0,0],"31":[0,0],"32":[0,0],"33":[0,0],"34":[0,0],"35":[0,0],"36":[0,0],"37":[0,0]}}
,"C:\\Users\\saung\\Downloads\\smart-task-allocation\\FYP-26-S2-30\\lib\\staffTimeOff.js": {"path":"C:\\Users\\saung\\Downloads\\smart-task-allocation\\FYP-26-S2-30\\lib\\staffTimeOff.js","statementMap":{"0":{"start":{"line":19,"column":22},"end":{"line":19,"column":48}},"1":{"start":{"line":8,"column":22},"end":{"line":8,"column":48}},"2":{"start":{"line":57,"column":22},"end":{"line":57,"column":45}},"3":{"start":{"line":34,"column":22},"end":{"line":34,"column":50}},"4":{"start":{"line":88,"column":16},"end":{"line":88,"column":42}},"5":{"start":{"line":80,"column":16},"end":{"line":80,"column":32}},"6":{"start":{"line":71,"column":16},"end":{"line":71,"column":33}},"7":{"start":{"line":1,"column":34},"end":{"line":1,"column":null}},"8":{"start":{"line":3,"column":23},"end":{"line":3,"column":null}},"9":{"start":{"line":9,"column":2},"end":{"line":13,"column":null}},"10":{"start":{"line":20,"column":26},"end":{"line":24,"column":null}},"11":{"start":{"line":26,"column":2},"end":{"line":26,"column":null}},"12":{"start":{"line":26,"column":13},"end":{"line":26,"column":null}},"13":{"start":{"line":27,"column":2},"end":{"line":27,"column":null}},"14":{"start":{"line":35,"column":2},"end":{"line":43,"column":null}},"15":{"start":{"line":36,"column":21},"end":{"line":40,"column":null}},"16":{"start":{"line":41,"column":4},"end":{"line":41,"column":null}},"17":{"start":{"line":41,"column":15},"end":{"line":41,"column":null}},"18":{"start":{"line":42,"column":4},"end":{"line":42,"column":null}},"19":{"start":{"line":45,"column":19},"end":{"line":49,"column":null}},"20":{"start":{"line":50,"column":2},"end":{"line":50,"column":null}},"21":{"start":{"line":50,"column":13},"end":{"line":50,"column":null}},"22":{"start":{"line":51,"column":2},"end":{"line":51,"column":null}},"23":{"start":{"line":58,"column":26},"end":{"line":62,"column":null}},"24":{"start":{"line":64,"column":2},"end":{"line":64,"column":null}},"25":{"start":{"line":64,"column":13},"end":{"line":64,"column":null}},"26":{"start":{"line":65,"column":2},"end":{"line":65,"column":null}},"27":{"start":{"line":72,"column":2},"end":{"line":72,"column":null}},"28":{"start":{"line":72,"column":69},"end":{"line":72,"column":null}},"29":{"start":{"line":73,"column":2},"end":{"line":73,"column":null}},"30":{"start":{"line":73,"column":40},"end":{"line":73,"column":null}},"31":{"start":{"line":74,"column":2},"end":{"line":74,"column":null}},"32":{"start":{"line":74,"column":54},"end":{"line":74,"column":null}},"33":{"start":{"line":75,"column":2},"end":{"line":75,"column":null}},"34":{"start":{"line":81,"column":2},"end":{"line":83,"column":null}},"35":{"start":{"line":82,"column":17},"end":{"line":82,"column":null}},"36":{"start":{"line":89,"column":2},"end":{"line":92,"column":null}},"37":{"start":{"line":91,"column":27},"end":{"line":91,"column":null}},"38":{"start":{"line":92,"column":24},"end":{"line":92,"column":48}}},"fnMap":{"0":{"name":"fetchApprovedTimeOffServer","decl":{"start":{"line":8,"column":22},"end":{"line":8,"column":48}},"loc":{"start":{"line":8,"column":60},"end":{"line":14,"column":null}}},"1":{"name":"fetchApprovedTimeOffClient","decl":{"start":{"line":19,"column":22},"end":{"line":19,"column":48}},"loc":{"start":{"line":19,"column":70},"end":{"line":28,"column":null}}},"2":{"name":"fetchTimeOffRequesterProfile","decl":{"start":{"line":34,"column":22},"end":{"line":34,"column":50}},"loc":{"start":{"line":34,"column":75},"end":{"line":52,"column":null}}},"3":{"name":"fetchOwnTimeOffRequests","decl":{"start":{"line":57,"column":22},"end":{"line":57,"column":45}},"loc":{"start":{"line":57,"column":73},"end":{"line":66,"column":null}}},"4":{"name":"requestCoversDate","decl":{"start":{"line":71,"column":16},"end":{"line":71,"column":33}},"loc":{"start":{"line":71,"column":50},"end":{"line":76,"column":null}}},"5":{"name":"isStaffOffOnDate","decl":{"start":{"line":80,"column":16},"end":{"line":80,"column":32}},"loc":{"start":{"line":80,"column":74},"end":{"line":84,"column":null}}},"6":{"name":"(anonymous_14)","decl":{"start":{"line":82,"column":4},"end":{"line":82,"column":5}},"loc":{"start":{"line":82,"column":17},"end":{"line":82,"column":null}}},"7":{"name":"getExcludedStaffIdsForDate","decl":{"start":{"line":88,"column":16},"end":{"line":88,"column":42}},"loc":{"start":{"line":88,"column":68},"end":{"line":94,"column":null}}},"8":{"name":"(anonymous_16)","decl":{"start":{"line":91,"column":14},"end":{"line":91,"column":15}},"loc":{"start":{"line":91,"column":27},"end":{"line":91,"column":null}}},"9":{"name":"(anonymous_17)","decl":{"start":{"line":92,"column":11},"end":{"line":92,"column":12}},"loc":{"start":{"line":92,"column":24},"end":{"line":92,"column":48}}}},"branchMap":{"0":{"loc":{"start":{"line":26,"column":2},"end":{"line":26,"column":null}},"type":"if","locations":[{"start":{"line":26,"column":2},"end":{"line":26,"column":null}},{"start":{},"end":{}}]},"1":{"loc":{"start":{"line":27,"column":9},"end":{"line":27,"column":19}},"type":"binary-expr","locations":[{"start":{"line":27,"column":9},"end":{"line":27,"column":17}},{"start":{"line":27,"column":17},"end":{"line":27,"column":19}}]},"2":{"loc":{"start":{"line":35,"column":2},"end":{"line":43,"column":null}},"type":"if","locations":[{"start":{"line":35,"column":2},"end":{"line":43,"column":null}},{"start":{},"end":{}}]},"3":{"loc":{"start":{"line":41,"column":4},"end":{"line":41,"column":null}},"type":"if","locations":[{"start":{"line":41,"column":4},"end":{"line":41,"column":null}},{"start":{},"end":{}}]},"4":{"loc":{"start":{"line":50,"column":2},"end":{"line":50,"column":null}},"type":"if","locations":[{"start":{"line":50,"column":2},"end":{"line":50,"column":null}},{"start":{},"end":{}}]},"5":{"loc":{"start":{"line":64,"column":2},"end":{"line":64,"column":null}},"type":"if","locations":[{"start":{"line":64,"column":2},"end":{"line":64,"column":null}},{"start":{},"end":{}}]},"6":{"loc":{"start":{"line":65,"column":9},"end":{"line":65,"column":19}},"type":"binary-expr","locations":[{"start":{"line":65,"column":9},"end":{"line":65,"column":17}},{"start":{"line":65,"column":17},"end":{"line":65,"column":19}}]},"7":{"loc":{"start":{"line":72,"column":2},"end":{"line":72,"column":null}},"type":"if","locations":[{"start":{"line":72,"column":2},"end":{"line":72,"column":null}},{"start":{},"end":{}}]},"8":{"loc":{"start":{"line":72,"column":6},"end":{"line":72,"column":67}},"type":"binary-expr","locations":[{"start":{"line":72,"column":6},"end":{"line":72,"column":39}},{"start":{"line":72,"column":39},"end":{"line":72,"column":67}}]},"9":{"loc":{"start":{"line":73,"column":2},"end":{"line":73,"column":null}},"type":"if","locations":[{"start":{"line":73,"column":2},"end":{"line":73,"column":null}},{"start":{},"end":{}}]},"10":{"loc":{"start":{"line":74,"column":2},"end":{"line":74,"column":null}},"type":"if","locations":[{"start":{"line":74,"column":2},"end":{"line":74,"column":null}},{"start":{},"end":{}}]},"11":{"loc":{"start":{"line":74,"column":6},"end":{"line":74,"column":52}},"type":"binary-expr","locations":[{"start":{"line":74,"column":6},"end":{"line":74,"column":22}},{"start":{"line":74,"column":26},"end":{"line":74,"column":52}}]},"12":{"loc":{"start":{"line":81,"column":9},"end":{"line":83,"column":null}},"type":"binary-expr","locations":[{"start":{"line":81,"column":9},"end":{"line":82,"column":null}},{"start":{"line":83,"column":7},"end":{"line":83,"column":null}}]},"13":{"loc":{"start":{"line":81,"column":10},"end":{"line":81,"column":32}},"type":"binary-expr","locations":[{"start":{"line":81,"column":10},"end":{"line":81,"column":30}},{"start":{"line":81,"column":30},"end":{"line":81,"column":32}}]},"14":{"loc":{"start":{"line":82,"column":17},"end":{"line":82,"column":null}},"type":"binary-expr","locations":[{"start":{"line":82,"column":17},"end":{"line":82,"column":64}},{"start":{"line":82,"column":64},"end":{"line":82,"column":null}}]},"15":{"loc":{"start":{"line":90,"column":5},"end":{"line":90,"column":27}},"type":"binary-expr","locations":[{"start":{"line":90,"column":5},"end":{"line":90,"column":25}},{"start":{"line":90,"column":25},"end":{"line":90,"column":27}}]}},"s":{"0":0,"1":0,"2":0,"3":0,"4":0,"5":0,"6":0,"7":0,"8":0,"9":0,"10":0,"11":0,"12":0,"13":0,"14":0,"15":0,"16":0,"17":0,"18":0,"19":0,"20":0,"21":0,"22":0,"23":0,"24":0,"25":0,"26":0,"27":0,"28":0,"29":0,"30":0,"31":0,"32":0,"33":0,"34":0,"35":0,"36":0,"37":0,"38":0},"f":{"0":0,"1":0,"2":0,"3":0,"4":0,"5":0,"6":0,"7":0,"8":0,"9":0},"b":{"0":[0,0],"1":[0,0],"2":[0,0],"3":[0,0],"4":[0,0],"5":[0,0],"6":[0,0],"7":[0,0],"8":[0,0],"9":[0,0],"10":[0,0],"11":[0,0],"12":[0,0],"13":[0,0],"14":[0,0],"15":[0,0]}}
}
