TN:
SF:lib\assignBooking.js
FN:7,rejectBooking
FN:34,assignStaffToBooking
FN:91,updateBookingAssignment
FN:159,createManualBooking
FNF:4
FNH:0
FNDA:0,rejectBooking
FNDA:0,assignStaffToBooking
FNDA:0,updateBookingAssignment
FNDA:0,createManualBooking
DA:1,0
DA:7,0
DA:8,0
DA:16,0
DA:17,0
DA:20,0
DA:31,0
DA:34,0
DA:35,0
DA:36,0
DA:37,0
DA:38,0
DA:40,0
DA:53,0
DA:54,0
DA:57,0
DA:85,0
DA:91,0
DA:92,0
DA:93,0
DA:95,0
DA:96,0
DA:99,0
DA:114,0
DA:115,0
DA:118,0
DA:119,0
DA:121,0
DA:122,0
DA:126,0
DA:127,0
DA:131,0
DA:132,0
DA:140,0
DA:148,0
DA:150,0
DA:159,0
DA:160,0
DA:161,0
DA:162,0
DA:164,0
DA:184,0
DA:185,0
DA:188,0
DA:203,0
LF:45
LH:0
BRDA:7,0,0,0
BRDA:16,1,0,0
BRDA:16,1,1,0
BRDA:16,2,0,0
BRDA:16,2,1,0
BRDA:17,3,0,0
BRDA:17,3,1,0
BRDA:21,4,0,0
BRDA:21,4,1,0
BRDA:34,5,0,0
BRDA:35,6,0,0
BRDA:35,6,1,0
BRDA:36,7,0,0
BRDA:36,7,1,0
BRDA:37,8,0,0
BRDA:37,8,1,0
BRDA:38,9,0,0
BRDA:38,9,1,0
BRDA:44,10,0,0
BRDA:44,10,1,0
BRDA:53,11,0,0
BRDA:53,11,1,0
BRDA:53,12,0,0
BRDA:53,12,1,0
BRDA:54,13,0,0
BRDA:54,13,1,0
BRDA:60,14,0,0
BRDA:60,14,1,0
BRDA:62,15,0,0
BRDA:62,15,1,0
BRDA:62,16,0,0
BRDA:62,16,1,0
BRDA:65,17,0,0
BRDA:65,17,1,0
BRDA:68,18,0,0
BRDA:68,18,1,0
BRDA:75,19,0,0
BRDA:75,19,1,0
BRDA:75,20,0,0
BRDA:75,20,1,0
BRDA:92,21,0,0
BRDA:92,21,1,0
BRDA:95,22,0,0
BRDA:95,22,1,0
BRDA:95,23,0,0
BRDA:95,23,1,0
BRDA:102,24,0,0
BRDA:102,24,1,0
BRDA:103,25,0,0
BRDA:103,25,1,0
BRDA:103,26,0,0
BRDA:103,26,1,0
BRDA:104,27,0,0
BRDA:104,27,1,0
BRDA:105,28,0,0
BRDA:105,28,1,0
BRDA:114,29,0,0
BRDA:114,29,1,0
BRDA:114,30,0,0
BRDA:114,30,1,0
BRDA:115,31,0,0
BRDA:115,31,1,0
BRDA:118,32,0,0
BRDA:118,32,1,0
BRDA:118,33,0,0
BRDA:118,33,1,0
BRDA:121,34,0,0
BRDA:121,34,1,0
BRDA:121,35,0,0
BRDA:121,35,1,0
BRDA:123,36,0,0
BRDA:123,36,1,0
BRDA:126,37,0,0
BRDA:126,37,1,0
BRDA:126,38,0,0
BRDA:126,38,1,0
BRDA:128,39,0,0
BRDA:128,39,1,0
BRDA:131,40,0,0
BRDA:131,40,1,0
BRDA:134,41,0,0
BRDA:134,41,1,0
BRDA:135,42,0,0
BRDA:135,42,1,0
BRDA:143,43,0,0
BRDA:143,43,1,0
BRDA:152,44,0,0
BRDA:152,44,1,0
BRDA:160,45,0,0
BRDA:160,45,1,0
BRDA:161,46,0,0
BRDA:161,46,1,0
BRDA:162,47,0,0
BRDA:162,47,1,0
BRDA:162,48,0,0
BRDA:162,48,1,0
BRDA:170,49,0,0
BRDA:170,49,1,0
BRDA:171,50,0,0
BRDA:171,50,1,0
BRDA:172,51,0,0
BRDA:172,51,1,0
BRDA:173,52,0,0
BRDA:173,52,1,0
BRDA:174,53,0,0
BRDA:174,53,1,0
BRDA:175,54,0,0
BRDA:175,54,1,0
BRDA:184,55,0,0
BRDA:184,55,1,0
BRDA:184,56,0,0
BRDA:184,56,1,0
BRDA:185,57,0,0
BRDA:185,57,1,0
BRDA:191,58,0,0
BRDA:191,58,1,0
BRDA:193,59,0,0
BRDA:193,59,1,0
BRF:118
BRH:0
end_of_record
TN:
SF:lib\attendance.js
FN:5,getScheduledDateTime
FN:11,getAttendanceStatusFromDateTime
FN:19,getAttendanceStatus
FN:26,shiftDate
FN:32,formatDuration
FNF:5
FNH:5
FNDA:4,getScheduledDateTime
FNDA:4,getAttendanceStatusFromDateTime
FNDA:4,getAttendanceStatus
FNDA:2,shiftDate
FNDA:4,formatDuration
DA:3,1
DA:5,0
DA:6,4
DA:7,3
DA:11,0
DA:12,4
DA:13,3
DA:14,3
DA:15,3
DA:16,3
DA:19,4
DA:20,4
DA:26,2
DA:27,2
DA:28,2
DA:29,2
DA:32,4
DA:33,4
DA:34,2
DA:35,2
DA:36,2
DA:37,2
LF:22
LH:20
BRDA:6,0,0,1
BRDA:6,0,1,3
BRDA:7,1,0,3
BRDA:7,1,1,0
BRDA:11,2,0,0
BRDA:12,3,0,1
BRDA:12,3,1,3
BRDA:13,4,0,3
BRDA:13,4,1,0
BRDA:14,5,0,0
BRDA:14,5,1,3
BRDA:16,6,0,2
BRDA:16,6,1,1
BRDA:19,7,0,0
BRDA:33,8,0,2
BRDA:33,8,1,2
BRDA:33,9,0,4
BRDA:33,9,1,3
BRDA:37,10,0,1
BRDA:37,10,1,1
BRF:20
BRH:15
end_of_record
TN:
SF:lib\attendanceQr.js
FN:5,minuteBucket
FN:9,deriveToken
FNF:2
FNH:2
FNDA:4,minuteBucket
FNDA:12,deriveToken
DA:1,1
DA:5,4
DA:6,4
DA:9,12
DA:10,12
LF:5
LH:5
BRDA:5,0,0,0
BRF:1
BRH:0
end_of_record
TN:
SF:lib\bookingMessages.js
FN:5,fetchBookingMessages
FN:16,sendBookingMessage
FN:29,subscribeToBookingMessages
FN:35,(anonymous_7)
FNF:4
FNH:0
FNDA:0,fetchBookingMessages
FNDA:0,sendBookingMessage
FNDA:0,subscribeToBookingMessages
FNDA:0,(anonymous_7)
DA:1,0
DA:5,0
DA:6,0
DA:12,0
DA:13,0
DA:16,0
DA:17,0
DA:23,0
DA:24,0
DA:29,0
DA:30,0
DA:35,0
LF:12
LH:0
BRDA:12,0,0,0
BRDA:12,0,1,0
BRDA:13,1,0,0
BRDA:13,1,1,0
BRDA:23,2,0,0
BRDA:23,2,1,0
BRF:6
BRH:0
end_of_record
TN:
SF:lib\businessClosures.js
FN:4,fetchClosuresServer
FN:16,fetchClosuresClient
FN:27,isDateClosed
FN:28,(anonymous_7)
FNF:4
FNH:0
FNDA:0,fetchClosuresServer
FNDA:0,fetchClosuresClient
FNDA:0,isDateClosed
FNDA:0,(anonymous_7)
DA:1,1
DA:4,0
DA:5,0
DA:16,0
DA:17,0
DA:23,0
DA:24,0
DA:27,0
DA:28,0
LF:9
LH:1
BRDA:23,0,0,0
BRDA:23,0,1,0
BRDA:24,1,0,0
BRDA:24,1,1,0
BRDA:28,2,0,0
BRDA:28,2,1,0
BRDA:28,3,0,0
BRDA:28,3,1,0
BRDA:28,4,0,0
BRDA:28,4,1,0
BRF:10
BRH:0
end_of_record
TN:
SF:lib\businessWeek.js
FN:6,toSgt
FN:10,addDays
FN:16,mondayOf
FN:22,toIsoDate
FN:30,daysAfterMonday
FN:36,cutoffInstantThisWeek
FN:43,getMinBookableDate
FN:55,hasCutoffPassedToday
FN:65,getUpcomingScheduleWeek
FNF:9
FNH:8
FNDA:3,toSgt
FNDA:8,addDays
FNDA:3,mondayOf
FNDA:1,toIsoDate
FNDA:3,daysAfterMonday
FNDA:3,cutoffInstantThisWeek
FNDA:1,getMinBookableDate
FNDA:2,hasCutoffPassedToday
FNDA:0,getUpcomingScheduleWeek
DA:4,1
DA:7,3
DA:11,8
DA:12,8
DA:13,8
DA:17,3
DA:18,3
DA:19,3
DA:23,1
DA:26,3
DA:31,3
DA:37,3
DA:38,3
DA:39,3
DA:40,3
DA:43,1
DA:44,1
DA:45,1
DA:46,1
DA:47,1
DA:49,1
DA:50,1
DA:55,2
DA:56,2
DA:57,2
DA:58,2
DA:59,2
DA:62,2
DA:65,0
DA:66,0
DA:67,0
DA:68,0
DA:69,0
DA:70,0
LF:34
LH:28
BRDA:18,0,0,3
BRDA:18,0,1,0
BRDA:37,1,0,3
BRDA:37,1,1,0
BRDA:38,2,0,3
BRDA:38,2,1,0
BRDA:39,3,0,3
BRDA:39,3,1,3
BRDA:43,4,0,0
BRDA:43,5,0,0
BRDA:49,6,0,0
BRDA:49,6,1,1
BRDA:55,7,0,0
BRDA:55,8,0,0
BRDA:59,9,0,2
BRDA:59,9,1,2
BRDA:59,9,2,2
BRDA:62,10,0,2
BRDA:62,10,1,2
BRDA:65,11,0,0
BRF:20
BRH:11
end_of_record
TN:
SF:lib\companyDirectory.js
FN:5,loadCompaniesForServiceType
FN:23,(anonymous_5)
FN:26,(anonymous_6)
FN:27,(anonymous_7)
FN:37,loadCompanyRatings
FN:74,scoreCompany
FN:87,rankCompaniesForServiceType
FN:89,(anonymous_11)
FN:94,(anonymous_12)
FNF:9
FNH:0
FNDA:0,loadCompaniesForServiceType
FNDA:0,(anonymous_5)
FNDA:0,(anonymous_6)
FNDA:0,(anonymous_7)
FNDA:0,loadCompanyRatings
FNDA:0,scoreCompany
FNDA:0,rankCompaniesForServiceType
FNDA:0,(anonymous_11)
FNDA:0,(anonymous_12)
DA:5,0
DA:6,0
DA:21,0
DA:22,0
DA:23,0
DA:24,0
DA:26,0
DA:27,0
DA:30,0
DA:37,0
DA:38,0
DA:39,0
DA:41,0
DA:45,0
DA:46,0
DA:48,0
DA:49,0
DA:50,0
DA:53,0
DA:56,0
DA:57,0
DA:58,0
DA:59,0
DA:62,0
DA:63,0
DA:65,0
DA:72,0
DA:75,0
DA:76,0
DA:78,0
DA:79,0
DA:80,0
DA:81,0
DA:87,0
DA:88,0
DA:90,0
DA:91,0
DA:92,0
DA:95,0
DA:96,0
LF:40
LH:0
BRDA:21,0,0,0
BRDA:21,0,1,0
BRDA:22,1,0,0
BRDA:22,1,1,0
BRDA:24,2,0,0
BRDA:24,2,1,0
BRDA:30,3,0,0
BRDA:30,3,1,0
BRDA:39,4,0,0
BRDA:39,4,1,0
BRDA:45,5,0,0
BRDA:45,5,1,0
BRDA:50,6,0,0
BRDA:50,6,1,0
BRDA:53,7,0,0
BRDA:53,7,1,0
BRDA:55,8,0,0
BRDA:55,8,1,0
BRDA:57,9,0,0
BRDA:57,9,1,0
BRDA:58,10,0,0
BRDA:58,10,1,0
BRDA:59,11,0,0
BRDA:59,11,1,0
BRDA:75,12,0,0
BRDA:75,12,1,0
BRDA:75,13,0,0
BRDA:75,13,1,0
BRDA:80,14,0,0
BRDA:80,14,1,0
BRDA:90,15,0,0
BRDA:90,15,1,0
BRDA:95,16,0,0
BRDA:95,16,1,0
BRDA:96,17,0,0
BRDA:96,17,1,0
BRDA:96,18,0,0
BRDA:96,18,1,0
BRF:38
BRH:0
end_of_record
TN:
SF:lib\emailValidation.js
FN:1,isValidEmail
FNF:1
FNH:0
FNDA:0,isValidEmail
DA:1,0
DA:2,0
DA:3,0
LF:3
LH:0
BRDA:2,0,0,0
BRDA:2,0,1,0
BRF:2
BRH:0
end_of_record
TN:
SF:lib\geolocation.js
FN:5,getDistanceMeters
FN:7,(anonymous_5)
FN:18,getCurrentPosition
FN:19,(anonymous_7)
FN:25,(anonymous_8)
FN:26,(anonymous_9)
FNF:6
FNH:2
FNDA:4,getDistanceMeters
FNDA:16,(anonymous_5)
FNDA:0,getCurrentPosition
FNDA:0,(anonymous_7)
FNDA:0,(anonymous_8)
FNDA:0,(anonymous_9)
DA:3,2
DA:5,4
DA:6,4
DA:7,16
DA:8,4
DA:9,4
DA:11,4
DA:13,4
DA:18,0
DA:19,0
DA:20,0
DA:21,0
DA:22,0
DA:24,0
DA:25,0
DA:27,0
DA:28,0
DA:30,0
LF:18
LH:8
BRDA:20,0,0,0
BRDA:20,0,1,0
BRDA:27,1,0,0
BRDA:27,1,1,0
BRF:4
BRH:0
end_of_record
TN:
SF:lib\recommendationEngine.js
FN:14,normalizeParam
FN:21,getWeight
FN:25,getThreshold
FN:29,normalizeText
FN:33,calculateStaffScore
FN:107,escapeRegex
FN:114,findRequestedStaffByName
FN:119,(anonymous_12)
FN:120,(anonymous_13)
FN:121,(anonymous_14)
FN:129,(anonymous_15)
FN:130,(anonymous_16)
FN:136,formatRecommendationExplanation
FN:142,(anonymous_18)
FN:143,(anonymous_19)
FN:147,generateRecommendations
FN:148,(anonymous_21)
FN:149,(anonymous_22)
FN:154,(anonymous_23)
FN:171,(anonymous_24)
FN:183,(anonymous_25)
FN:183,(anonymous_26)
FNF:22
FNH:19
FNDA:56,normalizeParam
FNDA:35,getWeight
FNDA:21,getThreshold
FNDA:7,normalizeText
FNDA:7,calculateStaffScore
FNDA:8,escapeRegex
FNDA:7,findRequestedStaffByName
FNDA:7,(anonymous_12)
FNDA:7,(anonymous_13)
FNDA:3,(anonymous_14)
FNDA:4,(anonymous_15)
FNDA:3,(anonymous_16)
FNDA:0,formatRecommendationExplanation
FNDA:0,(anonymous_18)
FNDA:0,(anonymous_19)
FNDA:4,generateRecommendations
FNDA:7,(anonymous_21)
FNDA:5,(anonymous_22)
FNDA:1,(anonymous_23)
FNDA:2,(anonymous_24)
FNDA:5,(anonymous_25)
FNDA:1,(anonymous_26)
DA:1,1
DA:3,1
DA:15,56
DA:16,56
DA:17,56
DA:18,56
DA:22,35
DA:26,21
DA:30,7
DA:33,2
DA:34,7
DA:42,7
DA:43,7
DA:44,7
DA:46,7
DA:47,7
DA:48,7
DA:50,7
DA:51,5
DA:52,5
DA:53,5
DA:55,2
DA:58,7
DA:59,7
DA:60,7
DA:61,2
DA:62,2
DA:63,1
DA:64,1
DA:65,1
DA:67,1
DA:70,5
DA:73,7
DA:74,7
DA:75,4
DA:76,4
DA:77,4
DA:79,3
DA:82,7
DA:83,5
DA:84,5
DA:85,5
DA:87,2
DA:90,7
DA:91,5
DA:92,5
DA:93,5
DA:95,2
DA:98,7
DA:108,8
DA:114,3
DA:115,7
DA:116,7
DA:118,4
DA:119,7
DA:120,7
DA:121,3
DA:123,4
DA:124,5
DA:128,2
DA:129,4
DA:130,3
DA:133,1
DA:136,0
DA:137,0
DA:138,0
DA:141,0
DA:142,0
DA:143,0
DA:147,4
DA:148,7
DA:149,5
DA:151,4
DA:152,4
DA:153,4
DA:154,1
DA:155,1
DA:156,1
DA:157,1
DA:158,1
DA:159,1
DA:163,1
DA:170,4
DA:171,2
DA:172,2
DA:173,1
DA:174,1
DA:175,1
DA:176,1
DA:183,5
LF:90
LH:84
BRDA:15,0,0,0
BRDA:15,0,1,56
BRDA:16,1,0,0
BRDA:16,1,1,56
BRDA:17,2,0,0
BRDA:17,2,1,56
BRDA:30,3,0,7
BRDA:30,3,1,0
BRDA:33,4,0,0
BRDA:50,5,0,5
BRDA:50,5,1,2
BRDA:58,6,0,7
BRDA:58,6,1,2
BRDA:59,7,0,7
BRDA:59,7,1,2
BRDA:60,8,0,2
BRDA:60,8,1,5
BRDA:60,9,0,7
BRDA:60,9,1,2
BRDA:62,10,0,1
BRDA:62,10,1,1
BRDA:73,11,0,7
BRDA:73,11,1,0
BRDA:73,12,0,7
BRDA:73,12,1,0
BRDA:74,13,0,4
BRDA:74,13,1,3
BRDA:82,14,0,5
BRDA:82,14,1,2
BRDA:82,15,0,7
BRDA:82,15,1,0
BRDA:90,16,0,5
BRDA:90,16,1,2
BRDA:90,17,0,7
BRDA:90,17,1,0
BRDA:102,18,0,5
BRDA:102,18,1,2
BRDA:115,19,0,7
BRDA:115,19,1,3
BRDA:116,20,0,3
BRDA:116,20,1,4
BRDA:116,21,0,7
BRDA:116,21,1,4
BRDA:116,21,2,4
BRDA:119,22,0,7
BRDA:119,22,1,7
BRDA:124,23,0,2
BRDA:124,23,1,3
BRDA:130,24,0,1
BRDA:130,24,1,1
BRDA:137,25,0,0
BRDA:137,25,1,0
BRDA:138,26,0,0
BRDA:138,26,1,0
BRDA:141,27,0,0
BRDA:141,27,1,0
BRDA:147,28,0,3
BRDA:147,29,0,3
BRDA:148,30,0,4
BRDA:148,30,1,0
BRDA:148,31,0,7
BRDA:148,31,1,6
BRDA:148,31,2,6
BRDA:153,32,0,1
BRDA:153,32,1,3
BRDA:155,33,0,1
BRDA:155,33,1,0
BRDA:157,34,0,0
BRDA:157,34,1,1
BRDA:170,35,0,2
BRDA:170,35,1,2
BRDA:170,36,0,4
BRDA:170,36,1,3
BRDA:172,37,0,1
BRDA:172,37,1,1
BRDA:172,38,0,2
BRDA:172,38,1,2
BRDA:174,39,0,0
BRDA:174,39,1,1
BRF:79
BRH:60
end_of_record
TN:
SF:lib\recurringBookings.js
FN:7,isValidIsoDate
FN:11,daysBetween
FN:17,maxIsoDate
FN:21,minIsoDate
FN:28,expandRecurrenceDates
FN:65,daysOfWeekFromNames
FN:69,(anonymous_11)
FN:70,(anonymous_12)
FN:74,parseTimeToMinutes
FN:85,estimatedHoursFromTimeRange
FN:93,validateArgs
FN:108,(anonymous_16)
FN:126,createRecurringBookingRequest
FN:158,createManagerRecurringBooking
FN:212,generateWeeklyVisits
FN:233,(anonymous_20)
FN:255,(anonymous_21)
FNF:17
FNH:1
FNDA:0,isValidIsoDate
FNDA:0,daysBetween
FNDA:0,maxIsoDate
FNDA:0,minIsoDate
FNDA:1,expandRecurrenceDates
FNDA:0,daysOfWeekFromNames
FNDA:0,(anonymous_11)
FNDA:0,(anonymous_12)
FNDA:0,parseTimeToMinutes
FNDA:0,estimatedHoursFromTimeRange
FNDA:0,validateArgs
FNDA:0,(anonymous_16)
FNDA:0,createRecurringBookingRequest
FNDA:0,createManagerRecurringBooking
FNDA:0,generateWeeklyVisits
FNDA:0,(anonymous_20)
FNDA:0,(anonymous_21)
DA:1,1
DA:2,1
DA:4,1
DA:5,1
DA:8,0
DA:12,0
DA:13,0
DA:14,0
DA:18,0
DA:22,0
DA:28,1
DA:29,1
DA:30,1
DA:31,1
DA:32,1
DA:34,1
DA:35,7
DA:36,5
DA:37,5
DA:39,7
DA:42,1
DA:45,1
DA:55,1
DA:66,0
DA:67,0
DA:69,0
DA:70,0
DA:75,0
DA:76,0
DA:77,0
DA:78,0
DA:79,0
DA:80,0
DA:86,0
DA:87,0
DA:88,0
DA:89,0
DA:90,0
DA:94,0
DA:95,0
DA:97,0
DA:98,0
DA:100,0
DA:101,0
DA:103,0
DA:104,0
DA:107,0
DA:108,0
DA:110,0
DA:111,0
DA:114,0
DA:118,0
DA:126,0
DA:127,0
DA:129,0
DA:145,0
DA:146,0
DA:158,0
DA:159,0
DA:160,0
DA:161,0
DA:169,0
DA:170,0
DA:172,0
DA:173,0
DA:174,0
DA:175,0
DA:181,0
DA:184,0
DA:212,0
DA:213,0
DA:224,0
DA:225,0
DA:226,0
DA:227,0
DA:229,0
DA:233,0
DA:234,0
DA:236,0
DA:242,0
DA:243,0
DA:244,0
DA:247,0
DA:248,0
DA:249,0
DA:250,0
DA:251,0
DA:253,0
DA:255,0
LF:89
LH:17
BRDA:8,0,0,0
BRDA:8,0,1,0
BRDA:18,1,0,0
BRDA:18,1,1,0
BRDA:22,2,0,0
BRDA:22,2,1,0
BRDA:35,3,0,5
BRDA:35,3,1,2
BRDA:37,4,0,0
BRDA:37,4,1,5
BRDA:66,5,0,0
BRDA:66,5,1,0
BRDA:75,6,0,0
BRDA:75,6,1,0
BRDA:76,7,0,0
BRDA:76,7,1,0
BRDA:79,8,0,0
BRDA:79,8,1,0
BRDA:79,9,0,0
BRDA:79,9,1,0
BRDA:79,9,2,0
BRDA:79,9,3,0
BRDA:88,10,0,0
BRDA:88,10,1,0
BRDA:88,11,0,0
BRDA:88,11,1,0
BRDA:89,12,0,0
BRDA:89,12,1,0
BRDA:94,13,0,0
BRDA:94,13,1,0
BRDA:94,14,0,0
BRDA:94,14,1,0
BRDA:97,15,0,0
BRDA:97,15,1,0
BRDA:97,16,0,0
BRDA:97,16,1,0
BRDA:100,17,0,0
BRDA:100,17,1,0
BRDA:103,18,0,0
BRDA:103,18,1,0
BRDA:107,19,0,0
BRDA:107,19,1,0
BRDA:108,20,0,0
BRDA:108,20,1,0
BRDA:108,20,2,0
BRDA:110,21,0,0
BRDA:110,21,1,0
BRDA:114,22,0,0
BRDA:114,22,1,0
BRDA:114,23,0,0
BRDA:114,23,1,0
BRDA:134,24,0,0
BRDA:134,24,1,0
BRDA:135,25,0,0
BRDA:135,25,1,0
BRDA:136,26,0,0
BRDA:136,26,1,0
BRDA:138,27,0,0
BRDA:138,27,1,0
BRDA:139,28,0,0
BRDA:139,28,1,0
BRDA:145,29,0,0
BRDA:145,29,1,0
BRDA:159,30,0,0
BRDA:159,30,1,0
BRDA:159,30,2,0
BRDA:165,31,0,0
BRDA:165,31,1,0
BRDA:169,32,0,0
BRDA:169,32,1,0
BRDA:170,33,0,0
BRDA:170,33,1,0
BRDA:172,34,0,0
BRDA:172,34,1,0
BRDA:174,35,0,0
BRDA:174,35,1,0
BRDA:181,36,0,0
BRDA:181,36,1,0
BRDA:187,37,0,0
BRDA:187,37,1,0
BRDA:188,38,0,0
BRDA:188,38,1,0
BRDA:188,39,0,0
BRDA:188,39,1,0
BRDA:192,40,0,0
BRDA:192,40,1,0
BRDA:194,41,0,0
BRDA:194,41,1,0
BRDA:195,42,0,0
BRDA:195,42,1,0
BRDA:227,43,0,0
BRDA:227,43,1,0
BRDA:234,44,0,0
BRDA:234,44,1,0
BRDA:244,45,0,0
BRDA:244,45,1,0
BRDA:247,46,0,0
BRDA:247,46,1,0
BRDA:250,47,0,0
BRDA:250,47,1,0
BRDA:253,48,0,0
BRDA:253,48,1,0
BRDA:258,49,0,0
BRDA:258,49,1,0
BRDA:259,50,0,0
BRDA:259,50,1,0
BRDA:261,51,0,0
BRDA:261,51,1,0
BRF:108
BRH:3
end_of_record
TN:
SF:lib\reportPeriods.js
FN:5,startOfUtcDay
FN:9,mondayOnOrBefore
FN:17,formatDay
FN:22,getPeriodRange
FN:52,getPreviousPeriodRange
FN:58,getChartWeekDates
FN:60,(anonymous_10)
FNF:7
FNH:7
FNDA:5,startOfUtcDay
FNDA:4,mondayOnOrBefore
FNDA:7,formatDay
FNDA:5,getPeriodRange
FNDA:1,getPreviousPeriodRange
FNDA:1,getChartWeekDates
FNDA:7,(anonymous_10)
DA:6,5
DA:10,4
DA:11,4
DA:12,4
DA:13,4
DA:14,4
DA:18,7
DA:22,4
DA:23,5
DA:25,5
DA:26,1
DA:27,1
DA:28,1
DA:29,1
DA:30,1
DA:33,4
DA:34,1
DA:35,1
DA:36,1
DA:37,1
DA:41,3
DA:42,3
DA:43,3
DA:44,3
DA:45,3
DA:46,3
DA:47,3
DA:48,3
DA:49,3
DA:52,1
DA:53,1
DA:58,1
DA:59,1
DA:60,1
DA:61,7
DA:62,7
DA:63,7
LF:37
LH:37
BRDA:12,0,0,0
BRDA:12,0,1,4
BRDA:17,1,0,4
BRDA:18,2,0,4
BRDA:18,2,1,3
BRDA:22,3,0,0
BRDA:25,4,0,1
BRDA:25,4,1,4
BRDA:33,5,0,1
BRDA:33,5,1,3
BRDA:52,6,0,0
BRF:11
BRH:8
end_of_record
TN:
SF:lib\scheduleProposal.js
FN:8,buildScheduleProposal
FN:45,(anonymous_7)
FN:45,(anonymous_8)
FN:71,getSlotState
FN:76,(anonymous_10)
FN:138,summarizeProposal
FN:142,(anonymous_12)
FNF:7
FNH:0
FNDA:0,buildScheduleProposal
FNDA:0,(anonymous_7)
FNDA:0,(anonymous_8)
FNDA:0,getSlotState
FNDA:0,(anonymous_10)
FNDA:0,summarizeProposal
FNDA:0,(anonymous_12)
DA:1,0
DA:2,0
DA:3,0
DA:4,0
DA:8,0
DA:11,0
DA:13,0
DA:38,0
DA:45,0
DA:46,0
DA:47,0
DA:48,0
DA:54,0
DA:55,0
DA:56,0
DA:57,0
DA:59,0
DA:60,0
DA:61,0
DA:62,0
DA:70,0
DA:72,0
DA:73,0
DA:76,0
DA:77,0
DA:88,0
DA:89,0
DA:91,0
DA:92,0
DA:93,0
DA:103,0
DA:104,0
DA:105,0
DA:106,0
DA:107,0
DA:108,0
DA:109,0
DA:112,0
DA:125,0
DA:126,0
DA:127,0
DA:138,0
DA:139,0
DA:140,0
DA:142,0
DA:143,0
DA:145,0
DA:146,0
DA:148,0
DA:149,0
DA:151,0
LF:51
LH:0
BRDA:38,0,0,0
BRDA:38,0,1,0
BRDA:47,1,0,0
BRDA:47,1,1,0
BRDA:56,2,0,0
BRDA:56,2,1,0
BRDA:59,3,0,0
BRDA:59,3,1,0
BRDA:60,4,0,0
BRDA:60,4,1,0
BRDA:72,5,0,0
BRDA:72,5,1,0
BRDA:85,6,0,0
BRDA:85,6,1,0
BRDA:88,7,0,0
BRDA:88,7,1,0
BRDA:89,8,0,0
BRDA:89,8,1,0
BRDA:91,9,0,0
BRDA:91,9,1,0
BRDA:97,10,0,0
BRDA:97,10,1,0
BRDA:105,11,0,0
BRDA:105,11,1,0
BRDA:107,12,0,0
BRDA:107,12,1,0
BRDA:108,13,0,0
BRDA:108,13,1,0
BRDA:119,14,0,0
BRDA:119,14,1,0
BRDA:119,15,0,0
BRDA:119,15,1,0
BRDA:126,16,0,0
BRDA:126,16,1,0
BRDA:130,17,0,0
BRDA:130,17,1,0
BRDA:131,18,0,0
BRDA:131,18,1,0
BRDA:132,19,0,0
BRDA:132,19,1,0
BRDA:133,20,0,0
BRDA:133,20,1,0
BRDA:139,21,0,0
BRDA:139,21,1,0
BRDA:145,22,0,0
BRDA:145,22,1,0
BRDA:146,23,0,0
BRDA:146,23,1,0
BRDA:148,24,0,0
BRDA:148,24,1,0
BRDA:149,25,0,0
BRDA:149,25,1,0
BRDA:151,26,0,0
BRDA:151,26,1,0
BRF:54
BRH:0
end_of_record
TN:
SF:lib\scheduleSettings.js
FN:5,fetchSchedulingSettingsServer
FN:16,fetchSchedulingSettingsClient
FN:28,saveSchedulingSettings
FNF:3
FNH:0
FNDA:0,fetchSchedulingSettingsServer
FNDA:0,fetchSchedulingSettingsClient
FNDA:0,saveSchedulingSettings
DA:1,0
DA:2,0
DA:5,0
DA:6,0
DA:11,0
DA:16,0
DA:17,0
DA:23,0
DA:24,0
DA:28,0
DA:29,0
DA:36,0
LF:12
LH:0
BRDA:11,0,0,0
BRDA:11,0,1,0
BRDA:23,1,0,0
BRDA:23,1,1,0
BRDA:24,2,0,0
BRDA:24,2,1,0
BRDA:36,3,0,0
BRDA:36,3,1,0
BRF:8
BRH:0
end_of_record
TN:
SF:lib\serviceTypes.js
FN:6,loadServiceTypes
FN:19,(anonymous_5)
FN:24,loadAllServiceTypes
FN:32,(anonymous_7)
FNF:4
FNH:0
FNDA:0,loadServiceTypes
FNDA:0,(anonymous_5)
FNDA:0,loadAllServiceTypes
FNDA:0,(anonymous_7)
DA:2,0
DA:6,0
DA:7,0
DA:13,0
DA:17,0
DA:18,0
DA:19,0
DA:24,0
DA:25,0
DA:31,0
DA:32,0
LF:11
LH:0
BRDA:13,0,0,0
BRDA:13,0,1,0
BRDA:18,1,0,0
BRDA:18,1,1,0
BRDA:18,2,0,0
BRDA:18,2,1,0
BRDA:31,3,0,0
BRDA:31,3,1,0
BRDA:31,4,0,0
BRDA:31,4,1,0
BRF:10
BRH:0
end_of_record
TN:
SF:lib\staffTasks.js
FN:9,(anonymous_12)
FN:11,(anonymous_13)
FN:16,(anonymous_14)
FN:24,(anonymous_15)
FN:34,(anonymous_16)
FN:41,(anonymous_17)
FN:46,(anonymous_18)
FN:59,(anonymous_19)
FN:64,(anonymous_20)
FN:67,(anonymous_21)
FN:69,(anonymous_22)
FNF:11
FNH:0
FNDA:0,(anonymous_12)
FNDA:0,(anonymous_13)
FNDA:0,(anonymous_14)
FNDA:0,(anonymous_15)
FNDA:0,(anonymous_16)
FNDA:0,(anonymous_17)
FNDA:0,(anonymous_18)
FNDA:0,(anonymous_19)
FNDA:0,(anonymous_20)
FNDA:0,(anonymous_21)
FNDA:0,(anonymous_22)
DA:1,0
DA:9,0
DA:11,0
DA:12,0
DA:13,0
DA:16,0
DA:17,0
DA:18,0
DA:21,0
DA:24,0
DA:26,0
DA:31,0
DA:34,0
DA:35,0
DA:41,0
DA:42,0
DA:46,0
DA:47,0
DA:48,0
DA:49,0
DA:50,0
DA:51,0
DA:52,0
DA:53,0
DA:54,0
DA:55,0
DA:56,0
DA:59,0
DA:60,0
DA:61,0
DA:64,0
DA:65,0
DA:67,0
DA:69,0
DA:70,0
DA:75,0
DA:79,0
LF:37
LH:0
BRDA:9,0,0,0
BRDA:9,0,1,0
BRDA:13,1,0,0
BRDA:13,1,1,0
BRDA:13,1,2,0
BRDA:17,2,0,0
BRDA:17,2,1,0
BRDA:17,3,0,0
BRDA:17,3,1,0
BRDA:26,4,0,0
BRDA:26,4,1,0
BRDA:26,4,2,0
BRDA:26,4,3,0
BRDA:31,5,0,0
BRDA:31,5,1,0
BRDA:35,6,0,0
BRDA:35,6,1,0
BRDA:35,6,2,0
BRDA:35,6,3,0
BRDA:35,6,4,0
BRDA:49,7,0,0
BRDA:49,7,1,0
BRDA:61,8,0,0
BRDA:61,8,1,0
BRDA:61,8,2,0
BRDA:65,9,0,0
BRDA:65,9,1,0
BRDA:70,10,0,0
BRDA:70,10,1,0
BRDA:71,11,0,0
BRDA:71,11,1,0
BRDA:75,12,0,0
BRDA:75,12,1,0
BRDA:76,13,0,0
BRDA:76,13,1,0
BRDA:84,14,0,0
BRDA:84,14,1,0
BRDA:85,15,0,0
BRDA:85,15,1,0
BRDA:88,16,0,0
BRDA:88,16,1,0
BRDA:89,17,0,0
BRDA:89,17,1,0
BRDA:90,18,0,0
BRDA:90,18,1,0
BRDA:93,19,0,0
BRDA:93,19,1,0
BRDA:95,20,0,0
BRDA:95,20,1,0
BRDA:96,21,0,0
BRDA:96,21,1,0
BRDA:96,21,2,0
BRDA:96,21,3,0
BRDA:98,22,0,0
BRDA:98,22,1,0
BRDA:99,23,0,0
BRDA:99,23,1,0
BRDA:100,24,0,0
BRDA:100,24,1,0
BRDA:101,25,0,0
BRDA:101,25,1,0
BRDA:102,26,0,0
BRDA:102,26,1,0
BRDA:103,27,0,0
BRDA:103,27,1,0
BRDA:104,28,0,0
BRDA:104,28,1,0
BRDA:105,29,0,0
BRDA:105,29,1,0
BRDA:106,30,0,0
BRDA:106,30,1,0
BRDA:107,31,0,0
BRDA:107,31,1,0
BRDA:108,32,0,0
BRDA:108,32,1,0
BRDA:109,33,0,0
BRDA:109,33,1,0
BRDA:110,34,0,0
BRDA:110,34,1,0
BRDA:111,35,0,0
BRDA:111,35,1,0
BRDA:112,36,0,0
BRDA:112,36,1,0
BRDA:113,37,0,0
BRDA:113,37,1,0
BRF:85
BRH:0
end_of_record
TN:
SF:lib\staffTimeOff.js
FN:8,fetchApprovedTimeOffServer
FN:19,fetchApprovedTimeOffClient
FN:34,fetchTimeOffRequesterProfile
FN:57,fetchOwnTimeOffRequests
FN:71,requestCoversDate
FN:80,isStaffOffOnDate
FN:82,(anonymous_14)
FN:88,getExcludedStaffIdsForDate
FN:91,(anonymous_16)
FN:92,(anonymous_17)
FNF:10
FNH:0
FNDA:0,fetchApprovedTimeOffServer
FNDA:0,fetchApprovedTimeOffClient
FNDA:0,fetchTimeOffRequesterProfile
FNDA:0,fetchOwnTimeOffRequests
FNDA:0,requestCoversDate
FNDA:0,isStaffOffOnDate
FNDA:0,(anonymous_14)
FNDA:0,getExcludedStaffIdsForDate
FNDA:0,(anonymous_16)
FNDA:0,(anonymous_17)
DA:1,0
DA:3,0
DA:8,0
DA:9,0
DA:19,0
DA:20,0
DA:26,0
DA:27,0
DA:34,0
DA:35,0
DA:36,0
DA:41,0
DA:42,0
DA:45,0
DA:50,0
DA:51,0
DA:57,0
DA:58,0
DA:64,0
DA:65,0
DA:71,0
DA:72,0
DA:73,0
DA:74,0
DA:75,0
DA:80,0
DA:81,0
DA:82,0
DA:88,0
DA:89,0
DA:91,0
DA:92,0
LF:32
LH:0
BRDA:26,0,0,0
BRDA:26,0,1,0
BRDA:27,1,0,0
BRDA:27,1,1,0
BRDA:35,2,0,0
BRDA:35,2,1,0
BRDA:41,3,0,0
BRDA:41,3,1,0
BRDA:50,4,0,0
BRDA:50,4,1,0
BRDA:64,5,0,0
BRDA:64,5,1,0
BRDA:65,6,0,0
BRDA:65,6,1,0
BRDA:72,7,0,0
BRDA:72,7,1,0
BRDA:72,8,0,0
BRDA:72,8,1,0
BRDA:73,9,0,0
BRDA:73,9,1,0
BRDA:74,10,0,0
BRDA:74,10,1,0
BRDA:74,11,0,0
BRDA:74,11,1,0
BRDA:81,12,0,0
BRDA:81,12,1,0
BRDA:81,13,0,0
BRDA:81,13,1,0
BRDA:82,14,0,0
BRDA:82,14,1,0
BRDA:90,15,0,0
BRDA:90,15,1,0
BRF:32
BRH:0
end_of_record
